ERROR - 2025-10-18 18:11:48 --> Error connecting to the database: mysqli_sql_exception: Access denied for user ''@'localhost' (using password: YES) in /Users/saziye/Documents/ornekProje/vendor/codeigniter4/framework/system/Database/MySQLi/Connection.php:201
Stack trace:
#0 /Users/saziye/Documents/ornekProje/vendor/codeigniter4/framework/system/Database/MySQLi/Connection.php(201): mysqli->real_connect('localhost', '', Object(SensitiveParameterValue), '', 3306, '', 0)
#1 /Users/saziye/Documents/ornekProje/vendor/codeigniter4/framework/system/Database/BaseConnection.php(419): CodeIgniter\Database\MySQLi\Connection->connect(false)
#2 /Users/saziye/Documents/ornekProje/vendor/codeigniter4/framework/system/Database/BaseConnection.php(614): CodeIgniter\Database\BaseConnection->initialize()
#3 /Users/saziye/Documents/ornekProje/vendor/codeigniter4/framework/system/Database/BaseConnection.php(1525): CodeIgniter\Database\BaseConnection->query('SHOW TABLES FRO...')
#4 /Users/saziye/Documents/ornekProje/vendor/codeigniter4/framework/system/Database/BaseConnection.php(1545): CodeIgniter\Database\BaseConnection->listTables()
#5 /Users/saziye/Documents/ornekProje/vendor/codeigniter4/framework/system/Database/MigrationRunner.php(768): CodeIgniter\Database\BaseConnection->tableExists('migrations')
#6 /Users/saziye/Documents/ornekProje/vendor/codeigniter4/framework/system/Database/MigrationRunner.php(231): CodeIgniter\Database\MigrationRunner->ensureTable()
#7 /Users/saziye/Documents/ornekProje/vendor/codeigniter4/framework/system/Commands/Database/MigrateRollback.php(101): CodeIgniter\Database\MigrationRunner->regress(0)
#8 /Users/saziye/Documents/ornekProje/vendor/codeigniter4/framework/system/CLI/Commands.php(74): CodeIgniter\Commands\Database\MigrateRollback->run(Array)
#9 /Users/saziye/Documents/ornekProje/vendor/codeigniter4/framework/system/CLI/BaseCommand.php(119): CodeIgniter\CLI\Commands->run('migrate:rollbac...', Array)
#10 /Users/saziye/Documents/ornekProje/vendor/codeigniter4/framework/system/Commands/Database/MigrateRefresh.php(86): CodeIgniter\CLI\BaseCommand->call('migrate:rollbac...', Array)
#11 /Users/saziye/Documents/ornekProje/vendor/codeigniter4/framework/system/CLI/Commands.php(74): CodeIgniter\Commands\Database\MigrateRefresh->run(Array)
#12 /Users/saziye/Documents/ornekProje/vendor/codeigniter4/framework/system/CLI/Console.php(47): CodeIgniter\CLI\Commands->run('migrate:refresh', Array)
#13 /Users/saziye/Documents/ornekProje/vendor/codeigniter4/framework/system/Boot.php(388): CodeIgniter\CLI\Console->run()
#14 /Users/saziye/Documents/ornekProje/vendor/codeigniter4/framework/system/Boot.php(133): CodeIgniter\Boot::runCommand(Object(CodeIgniter\CLI\Console))
#15 /Users/saziye/Documents/ornekProje/spark(87): CodeIgniter\Boot::bootSpark(Object(Config\Paths))
#16 {main}

Next CodeIgniter\Database\Exceptions\DatabaseException: Access denied for user ''@'localhost' (using password: YES) in /Users/saziye/Documents/ornekProje/vendor/codeigniter4/framework/system/Database/MySQLi/Connection.php:246
Stack trace:
#0 /Users/saziye/Documents/ornekProje/vendor/codeigniter4/framework/system/Database/BaseConnection.php(419): CodeIgniter\Database\MySQLi\Connection->connect(false)
#1 /Users/saziye/Documents/ornekProje/vendor/codeigniter4/framework/system/Database/BaseConnection.php(614): CodeIgniter\Database\BaseConnection->initialize()
#2 /Users/saziye/Documents/ornekProje/vendor/codeigniter4/framework/system/Database/BaseConnection.php(1525): CodeIgniter\Database\BaseConnection->query('SHOW TABLES FRO...')
#3 /Users/saziye/Documents/ornekProje/vendor/codeigniter4/framework/system/Database/BaseConnection.php(1545): CodeIgniter\Database\BaseConnection->listTables()
#4 /Users/saziye/Documents/ornekProje/vendor/codeigniter4/framework/system/Database/MigrationRunner.php(768): CodeIgniter\Database\BaseConnection->tableExists('migrations')
#5 /Users/saziye/Documents/ornekProje/vendor/codeigniter4/framework/system/Database/MigrationRunner.php(231): CodeIgniter\Database\MigrationRunner->ensureTable()
#6 /Users/saziye/Documents/ornekProje/vendor/codeigniter4/framework/system/Commands/Database/MigrateRollback.php(101): CodeIgniter\Database\MigrationRunner->regress(0)
#7 /Users/saziye/Documents/ornekProje/vendor/codeigniter4/framework/system/CLI/Commands.php(74): CodeIgniter\Commands\Database\MigrateRollback->run(Array)
#8 /Users/saziye/Documents/ornekProje/vendor/codeigniter4/framework/system/CLI/BaseCommand.php(119): CodeIgniter\CLI\Commands->run('migrate:rollbac...', Array)
#9 /Users/saziye/Documents/ornekProje/vendor/codeigniter4/framework/system/Commands/Database/MigrateRefresh.php(86): CodeIgniter\CLI\BaseCommand->call('migrate:rollbac...', Array)
#10 /Users/saziye/Documents/ornekProje/vendor/codeigniter4/framework/system/CLI/Commands.php(74): CodeIgniter\Commands\Database\MigrateRefresh->run(Array)
#11 /Users/saziye/Documents/ornekProje/vendor/codeigniter4/framework/system/CLI/Console.php(47): CodeIgniter\CLI\Commands->run('migrate:refresh', Array)
#12 /Users/saziye/Documents/ornekProje/vendor/codeigniter4/framework/system/Boot.php(388): CodeIgniter\CLI\Console->run()
#13 /Users/saziye/Documents/ornekProje/vendor/codeigniter4/framework/system/Boot.php(133): CodeIgniter\Boot::runCommand(Object(CodeIgniter\CLI\Console))
#14 /Users/saziye/Documents/ornekProje/spark(87): CodeIgniter\Boot::bootSpark(Object(Config\Paths))
#15 {main}
ERROR - 2025-10-18 18:11:48 --> Error connecting to the database: mysqli_sql_exception: Access denied for user ''@'localhost' (using password: YES) in /Users/saziye/Documents/ornekProje/vendor/codeigniter4/framework/system/Database/MySQLi/Connection.php:201
Stack trace:
#0 /Users/saziye/Documents/ornekProje/vendor/codeigniter4/framework/system/Database/MySQLi/Connection.php(201): mysqli->real_connect('localhost', '', Object(SensitiveParameterValue), '', 3306, '', 0)
#1 /Users/saziye/Documents/ornekProje/vendor/codeigniter4/framework/system/Database/BaseConnection.php(419): CodeIgniter\Database\MySQLi\Connection->connect(false)
#2 /Users/saziye/Documents/ornekProje/vendor/codeigniter4/framework/system/Database/BaseConnection.php(614): CodeIgniter\Database\BaseConnection->initialize()
#3 /Users/saziye/Documents/ornekProje/vendor/codeigniter4/framework/system/Database/BaseConnection.php(1525): CodeIgniter\Database\BaseConnection->query('SHOW TABLES FRO...')
#4 /Users/saziye/Documents/ornekProje/vendor/codeigniter4/framework/system/Database/BaseConnection.php(1545): CodeIgniter\Database\BaseConnection->listTables()
#5 /Users/saziye/Documents/ornekProje/vendor/codeigniter4/framework/system/Database/MigrationRunner.php(768): CodeIgniter\Database\BaseConnection->tableExists('migrations')
#6 /Users/saziye/Documents/ornekProje/vendor/codeigniter4/framework/system/Database/MigrationRunner.php(162): CodeIgniter\Database\MigrationRunner->ensureTable()
#7 /Users/saziye/Documents/ornekProje/vendor/codeigniter4/framework/system/Commands/Database/Migrate.php(85): CodeIgniter\Database\MigrationRunner->latest(NULL)
#8 /Users/saziye/Documents/ornekProje/vendor/codeigniter4/framework/system/CLI/Commands.php(74): CodeIgniter\Commands\Database\Migrate->run(Array)
#9 /Users/saziye/Documents/ornekProje/vendor/codeigniter4/framework/system/CLI/BaseCommand.php(119): CodeIgniter\CLI\Commands->run('migrate', Array)
#10 /Users/saziye/Documents/ornekProje/vendor/codeigniter4/framework/system/Commands/Database/MigrateRefresh.php(87): CodeIgniter\CLI\BaseCommand->call('migrate', Array)
#11 /Users/saziye/Documents/ornekProje/vendor/codeigniter4/framework/system/CLI/Commands.php(74): CodeIgniter\Commands\Database\MigrateRefresh->run(Array)
#12 /Users/saziye/Documents/ornekProje/vendor/codeigniter4/framework/system/CLI/Console.php(47): CodeIgniter\CLI\Commands->run('migrate:refresh', Array)
#13 /Users/saziye/Documents/ornekProje/vendor/codeigniter4/framework/system/Boot.php(388): CodeIgniter\CLI\Console->run()
#14 /Users/saziye/Documents/ornekProje/vendor/codeigniter4/framework/system/Boot.php(133): CodeIgniter\Boot::runCommand(Object(CodeIgniter\CLI\Console))
#15 /Users/saziye/Documents/ornekProje/spark(87): CodeIgniter\Boot::bootSpark(Object(Config\Paths))
#16 {main}

Next CodeIgniter\Database\Exceptions\DatabaseException: Access denied for user ''@'localhost' (using password: YES) in /Users/saziye/Documents/ornekProje/vendor/codeigniter4/framework/system/Database/MySQLi/Connection.php:246
Stack trace:
#0 /Users/saziye/Documents/ornekProje/vendor/codeigniter4/framework/system/Database/BaseConnection.php(419): CodeIgniter\Database\MySQLi\Connection->connect(false)
#1 /Users/saziye/Documents/ornekProje/vendor/codeigniter4/framework/system/Database/BaseConnection.php(614): CodeIgniter\Database\BaseConnection->initialize()
#2 /Users/saziye/Documents/ornekProje/vendor/codeigniter4/framework/system/Database/BaseConnection.php(1525): CodeIgniter\Database\BaseConnection->query('SHOW TABLES FRO...')
#3 /Users/saziye/Documents/ornekProje/vendor/codeigniter4/framework/system/Database/BaseConnection.php(1545): CodeIgniter\Database\BaseConnection->listTables()
#4 /Users/saziye/Documents/ornekProje/vendor/codeigniter4/framework/system/Database/MigrationRunner.php(768): CodeIgniter\Database\BaseConnection->tableExists('migrations')
#5 /Users/saziye/Documents/ornekProje/vendor/codeigniter4/framework/system/Database/MigrationRunner.php(162): CodeIgniter\Database\MigrationRunner->ensureTable()
#6 /Users/saziye/Documents/ornekProje/vendor/codeigniter4/framework/system/Commands/Database/Migrate.php(85): CodeIgniter\Database\MigrationRunner->latest(NULL)
#7 /Users/saziye/Documents/ornekProje/vendor/codeigniter4/framework/system/CLI/Commands.php(74): CodeIgniter\Commands\Database\Migrate->run(Array)
#8 /Users/saziye/Documents/ornekProje/vendor/codeigniter4/framework/system/CLI/BaseCommand.php(119): CodeIgniter\CLI\Commands->run('migrate', Array)
#9 /Users/saziye/Documents/ornekProje/vendor/codeigniter4/framework/system/Commands/Database/MigrateRefresh.php(87): CodeIgniter\CLI\BaseCommand->call('migrate', Array)
#10 /Users/saziye/Documents/ornekProje/vendor/codeigniter4/framework/system/CLI/Commands.php(74): CodeIgniter\Commands\Database\MigrateRefresh->run(Array)
#11 /Users/saziye/Documents/ornekProje/vendor/codeigniter4/framework/system/CLI/Console.php(47): CodeIgniter\CLI\Commands->run('migrate:refresh', Array)
#12 /Users/saziye/Documents/ornekProje/vendor/codeigniter4/framework/system/Boot.php(388): CodeIgniter\CLI\Console->run()
#13 /Users/saziye/Documents/ornekProje/vendor/codeigniter4/framework/system/Boot.php(133): CodeIgniter\Boot::runCommand(Object(CodeIgniter\CLI\Console))
#14 /Users/saziye/Documents/ornekProje/spark(87): CodeIgniter\Boot::bootSpark(Object(Config\Paths))
#15 {main}
CRITICAL - 2025-10-18 18:12:56 --> TypeError: CodeIgniter\CLI\InputOutput::input(): Return value must be of type string, false returned
[Method: CLI, Route: migrate:refresh]
in SYSTEMPATH/CLI/InputOutput.php on line 46.
 1 SYSTEMPATH/CLI/CLI.php(260): CodeIgniter\CLI\InputOutput->input()
 2 SYSTEMPATH/Commands/Database/MigrateRefresh.php(78): CodeIgniter\CLI\CLI::prompt('Are you sure you want to refresh?', [...])
 3 SYSTEMPATH/CLI/Commands.php(74): CodeIgniter\Commands\Database\MigrateRefresh->run([...])
 4 SYSTEMPATH/CLI/Console.php(47): CodeIgniter\CLI\Commands->run('migrate:refresh', [])
 5 SYSTEMPATH/Boot.php(388): CodeIgniter\CLI\Console->run()
 6 SYSTEMPATH/Boot.php(133): CodeIgniter\Boot::runCommand(Object(CodeIgniter\CLI\Console))
 7 ROOTPATH/spark(87): CodeIgniter\Boot::bootSpark(Object(Config\Paths))
ERROR - 2025-10-18 18:13:19 --> SQLite3Exception: near "CONSTRAINT": syntax error in /Users/saziye/Documents/ornekProje/vendor/codeigniter4/framework/system/Database/SQLite3/Connection.php:175
Stack trace:
#0 /Users/saziye/Documents/ornekProje/vendor/codeigniter4/framework/system/Database/SQLite3/Connection.php(175): SQLite3->exec('ALTER TABLE ins...')
#1 /Users/saziye/Documents/ornekProje/vendor/codeigniter4/framework/system/Database/BaseConnection.php(729): CodeIgniter\Database\SQLite3\Connection->execute('ALTER TABLE ins...')
#2 /Users/saziye/Documents/ornekProje/vendor/codeigniter4/framework/system/Database/BaseConnection.php(646): CodeIgniter\Database\BaseConnection->simpleQuery('ALTER TABLE ins...')
#3 /Users/saziye/Documents/ornekProje/app/Database/Migrations/2025-09-23-072223_CreateInstitutions.php(55): CodeIgniter\Database\BaseConnection->query('ALTER TABLE ins...')
#4 /Users/saziye/Documents/ornekProje/vendor/codeigniter4/framework/system/Database/MigrationRunner.php(876): App\Database\Migrations\CreateInstitutions->up()
#5 /Users/saziye/Documents/ornekProje/vendor/codeigniter4/framework/system/Database/MigrationRunner.php(182): CodeIgniter\Database\MigrationRunner->migrate('up', Object(stdClass))
#6 /Users/saziye/Documents/ornekProje/vendor/codeigniter4/framework/system/Commands/Database/Migrate.php(85): CodeIgniter\Database\MigrationRunner->latest(NULL)
#7 /Users/saziye/Documents/ornekProje/vendor/codeigniter4/framework/system/CLI/Commands.php(74): CodeIgniter\Commands\Database\Migrate->run(Array)
#8 /Users/saziye/Documents/ornekProje/vendor/codeigniter4/framework/system/CLI/BaseCommand.php(119): CodeIgniter\CLI\Commands->run('migrate', Array)
#9 /Users/saziye/Documents/ornekProje/vendor/codeigniter4/framework/system/Commands/Database/MigrateRefresh.php(87): CodeIgniter\CLI\BaseCommand->call('migrate', Array)
#10 /Users/saziye/Documents/ornekProje/vendor/codeigniter4/framework/system/CLI/Commands.php(74): CodeIgniter\Commands\Database\MigrateRefresh->run(Array)
#11 /Users/saziye/Documents/ornekProje/vendor/codeigniter4/framework/system/CLI/Console.php(47): CodeIgniter\CLI\Commands->run('migrate:refresh', Array)
#12 /Users/saziye/Documents/ornekProje/vendor/codeigniter4/framework/system/Boot.php(388): CodeIgniter\CLI\Console->run()
#13 /Users/saziye/Documents/ornekProje/vendor/codeigniter4/framework/system/Boot.php(133): CodeIgniter\Boot::runCommand(Object(CodeIgniter\CLI\Console))
#14 /Users/saziye/Documents/ornekProje/spark(87): CodeIgniter\Boot::bootSpark(Object(Config\Paths))
#15 {main}
ERROR - 2025-10-18 18:14:33 --> Error connecting to the database: mysqli_sql_exception: Access denied for user 'root'@'localhost' (using password: YES) in /Users/saziye/Documents/ornekProje/vendor/codeigniter4/framework/system/Database/MySQLi/Connection.php:201
Stack trace:
#0 /Users/saziye/Documents/ornekProje/vendor/codeigniter4/framework/system/Database/MySQLi/Connection.php(201): mysqli->real_connect('localhost', 'root', Object(SensitiveParameterValue), 'educontent_db', 3306, '', 0)
#1 /Users/saziye/Documents/ornekProje/vendor/codeigniter4/framework/system/Database/BaseConnection.php(419): CodeIgniter\Database\MySQLi\Connection->connect(false)
#2 /Users/saziye/Documents/ornekProje/vendor/codeigniter4/framework/system/Database/BaseConnection.php(614): CodeIgniter\Database\BaseConnection->initialize()
#3 /Users/saziye/Documents/ornekProje/vendor/codeigniter4/framework/system/Database/BaseConnection.php(1525): CodeIgniter\Database\BaseConnection->query('SHOW TABLES FRO...')
#4 /Users/saziye/Documents/ornekProje/vendor/codeigniter4/framework/system/Database/BaseConnection.php(1545): CodeIgniter\Database\BaseConnection->listTables()
#5 /Users/saziye/Documents/ornekProje/vendor/codeigniter4/framework/system/Database/MigrationRunner.php(768): CodeIgniter\Database\BaseConnection->tableExists('migrations')
#6 /Users/saziye/Documents/ornekProje/vendor/codeigniter4/framework/system/Database/MigrationRunner.php(231): CodeIgniter\Database\MigrationRunner->ensureTable()
#7 /Users/saziye/Documents/ornekProje/vendor/codeigniter4/framework/system/Commands/Database/MigrateRollback.php(101): CodeIgniter\Database\MigrationRunner->regress(0)
#8 /Users/saziye/Documents/ornekProje/vendor/codeigniter4/framework/system/CLI/Commands.php(74): CodeIgniter\Commands\Database\MigrateRollback->run(Array)
#9 /Users/saziye/Documents/ornekProje/vendor/codeigniter4/framework/system/CLI/BaseCommand.php(119): CodeIgniter\CLI\Commands->run('migrate:rollbac...', Array)
#10 /Users/saziye/Documents/ornekProje/vendor/codeigniter4/framework/system/Commands/Database/MigrateRefresh.php(86): CodeIgniter\CLI\BaseCommand->call('migrate:rollbac...', Array)
#11 /Users/saziye/Documents/ornekProje/vendor/codeigniter4/framework/system/CLI/Commands.php(74): CodeIgniter\Commands\Database\MigrateRefresh->run(Array)
#12 /Users/saziye/Documents/ornekProje/vendor/codeigniter4/framework/system/CLI/Console.php(47): CodeIgniter\CLI\Commands->run('migrate:refresh', Array)
#13 /Users/saziye/Documents/ornekProje/vendor/codeigniter4/framework/system/Boot.php(388): CodeIgniter\CLI\Console->run()
#14 /Users/saziye/Documents/ornekProje/vendor/codeigniter4/framework/system/Boot.php(133): CodeIgniter\Boot::runCommand(Object(CodeIgniter\CLI\Console))
#15 /Users/saziye/Documents/ornekProje/spark(87): CodeIgniter\Boot::bootSpark(Object(Config\Paths))
#16 {main}

Next CodeIgniter\Database\Exceptions\DatabaseException: Access denied for user '****'@'localhost' (using password: YES) in /Users/saziye/Documents/ornekProje/vendor/codeigniter4/framework/system/Database/MySQLi/Connection.php:246
Stack trace:
#0 /Users/saziye/Documents/ornekProje/vendor/codeigniter4/framework/system/Database/BaseConnection.php(419): CodeIgniter\Database\MySQLi\Connection->connect(false)
#1 /Users/saziye/Documents/ornekProje/vendor/codeigniter4/framework/system/Database/BaseConnection.php(614): CodeIgniter\Database\BaseConnection->initialize()
#2 /Users/saziye/Documents/ornekProje/vendor/codeigniter4/framework/system/Database/BaseConnection.php(1525): CodeIgniter\Database\BaseConnection->query('SHOW TABLES FRO...')
#3 /Users/saziye/Documents/ornekProje/vendor/codeigniter4/framework/system/Database/BaseConnection.php(1545): CodeIgniter\Database\BaseConnection->listTables()
#4 /Users/saziye/Documents/ornekProje/vendor/codeigniter4/framework/system/Database/MigrationRunner.php(768): CodeIgniter\Database\BaseConnection->tableExists('migrations')
#5 /Users/saziye/Documents/ornekProje/vendor/codeigniter4/framework/system/Database/MigrationRunner.php(231): CodeIgniter\Database\MigrationRunner->ensureTable()
#6 /Users/saziye/Documents/ornekProje/vendor/codeigniter4/framework/system/Commands/Database/MigrateRollback.php(101): CodeIgniter\Database\MigrationRunner->regress(0)
#7 /Users/saziye/Documents/ornekProje/vendor/codeigniter4/framework/system/CLI/Commands.php(74): CodeIgniter\Commands\Database\MigrateRollback->run(Array)
#8 /Users/saziye/Documents/ornekProje/vendor/codeigniter4/framework/system/CLI/BaseCommand.php(119): CodeIgniter\CLI\Commands->run('migrate:rollbac...', Array)
#9 /Users/saziye/Documents/ornekProje/vendor/codeigniter4/framework/system/Commands/Database/MigrateRefresh.php(86): CodeIgniter\CLI\BaseCommand->call('migrate:rollbac...', Array)
#10 /Users/saziye/Documents/ornekProje/vendor/codeigniter4/framework/system/CLI/Commands.php(74): CodeIgniter\Commands\Database\MigrateRefresh->run(Array)
#11 /Users/saziye/Documents/ornekProje/vendor/codeigniter4/framework/system/CLI/Console.php(47): CodeIgniter\CLI\Commands->run('migrate:refresh', Array)
#12 /Users/saziye/Documents/ornekProje/vendor/codeigniter4/framework/system/Boot.php(388): CodeIgniter\CLI\Console->run()
#13 /Users/saziye/Documents/ornekProje/vendor/codeigniter4/framework/system/Boot.php(133): CodeIgniter\Boot::runCommand(Object(CodeIgniter\CLI\Console))
#14 /Users/saziye/Documents/ornekProje/spark(87): CodeIgniter\Boot::bootSpark(Object(Config\Paths))
#15 {main}
ERROR - 2025-10-18 18:14:33 --> Error connecting to the database: mysqli_sql_exception: Access denied for user 'root'@'localhost' (using password: YES) in /Users/saziye/Documents/ornekProje/vendor/codeigniter4/framework/system/Database/MySQLi/Connection.php:201
Stack trace:
#0 /Users/saziye/Documents/ornekProje/vendor/codeigniter4/framework/system/Database/MySQLi/Connection.php(201): mysqli->real_connect('localhost', 'root', Object(SensitiveParameterValue), 'educontent_db', 3306, '', 0)
#1 /Users/saziye/Documents/ornekProje/vendor/codeigniter4/framework/system/Database/BaseConnection.php(419): CodeIgniter\Database\MySQLi\Connection->connect(false)
#2 /Users/saziye/Documents/ornekProje/vendor/codeigniter4/framework/system/Database/BaseConnection.php(614): CodeIgniter\Database\BaseConnection->initialize()
#3 /Users/saziye/Documents/ornekProje/vendor/codeigniter4/framework/system/Database/BaseConnection.php(1525): CodeIgniter\Database\BaseConnection->query('SHOW TABLES FRO...')
#4 /Users/saziye/Documents/ornekProje/vendor/codeigniter4/framework/system/Database/BaseConnection.php(1545): CodeIgniter\Database\BaseConnection->listTables()
#5 /Users/saziye/Documents/ornekProje/vendor/codeigniter4/framework/system/Database/MigrationRunner.php(768): CodeIgniter\Database\BaseConnection->tableExists('migrations')
#6 /Users/saziye/Documents/ornekProje/vendor/codeigniter4/framework/system/Database/MigrationRunner.php(162): CodeIgniter\Database\MigrationRunner->ensureTable()
#7 /Users/saziye/Documents/ornekProje/vendor/codeigniter4/framework/system/Commands/Database/Migrate.php(85): CodeIgniter\Database\MigrationRunner->latest(NULL)
#8 /Users/saziye/Documents/ornekProje/vendor/codeigniter4/framework/system/CLI/Commands.php(74): CodeIgniter\Commands\Database\Migrate->run(Array)
#9 /Users/saziye/Documents/ornekProje/vendor/codeigniter4/framework/system/CLI/BaseCommand.php(119): CodeIgniter\CLI\Commands->run('migrate', Array)
#10 /Users/saziye/Documents/ornekProje/vendor/codeigniter4/framework/system/Commands/Database/MigrateRefresh.php(87): CodeIgniter\CLI\BaseCommand->call('migrate', Array)
#11 /Users/saziye/Documents/ornekProje/vendor/codeigniter4/framework/system/CLI/Commands.php(74): CodeIgniter\Commands\Database\MigrateRefresh->run(Array)
#12 /Users/saziye/Documents/ornekProje/vendor/codeigniter4/framework/system/CLI/Console.php(47): CodeIgniter\CLI\Commands->run('migrate:refresh', Array)
#13 /Users/saziye/Documents/ornekProje/vendor/codeigniter4/framework/system/Boot.php(388): CodeIgniter\CLI\Console->run()
#14 /Users/saziye/Documents/ornekProje/vendor/codeigniter4/framework/system/Boot.php(133): CodeIgniter\Boot::runCommand(Object(CodeIgniter\CLI\Console))
#15 /Users/saziye/Documents/ornekProje/spark(87): CodeIgniter\Boot::bootSpark(Object(Config\Paths))
#16 {main}

Next CodeIgniter\Database\Exceptions\DatabaseException: Access denied for user '****'@'localhost' (using password: YES) in /Users/saziye/Documents/ornekProje/vendor/codeigniter4/framework/system/Database/MySQLi/Connection.php:246
Stack trace:
#0 /Users/saziye/Documents/ornekProje/vendor/codeigniter4/framework/system/Database/BaseConnection.php(419): CodeIgniter\Database\MySQLi\Connection->connect(false)
#1 /Users/saziye/Documents/ornekProje/vendor/codeigniter4/framework/system/Database/BaseConnection.php(614): CodeIgniter\Database\BaseConnection->initialize()
#2 /Users/saziye/Documents/ornekProje/vendor/codeigniter4/framework/system/Database/BaseConnection.php(1525): CodeIgniter\Database\BaseConnection->query('SHOW TABLES FRO...')
#3 /Users/saziye/Documents/ornekProje/vendor/codeigniter4/framework/system/Database/BaseConnection.php(1545): CodeIgniter\Database\BaseConnection->listTables()
#4 /Users/saziye/Documents/ornekProje/vendor/codeigniter4/framework/system/Database/MigrationRunner.php(768): CodeIgniter\Database\BaseConnection->tableExists('migrations')
#5 /Users/saziye/Documents/ornekProje/vendor/codeigniter4/framework/system/Database/MigrationRunner.php(162): CodeIgniter\Database\MigrationRunner->ensureTable()
#6 /Users/saziye/Documents/ornekProje/vendor/codeigniter4/framework/system/Commands/Database/Migrate.php(85): CodeIgniter\Database\MigrationRunner->latest(NULL)
#7 /Users/saziye/Documents/ornekProje/vendor/codeigniter4/framework/system/CLI/Commands.php(74): CodeIgniter\Commands\Database\Migrate->run(Array)
#8 /Users/saziye/Documents/ornekProje/vendor/codeigniter4/framework/system/CLI/BaseCommand.php(119): CodeIgniter\CLI\Commands->run('migrate', Array)
#9 /Users/saziye/Documents/ornekProje/vendor/codeigniter4/framework/system/Commands/Database/MigrateRefresh.php(87): CodeIgniter\CLI\BaseCommand->call('migrate', Array)
#10 /Users/saziye/Documents/ornekProje/vendor/codeigniter4/framework/system/CLI/Commands.php(74): CodeIgniter\Commands\Database\MigrateRefresh->run(Array)
#11 /Users/saziye/Documents/ornekProje/vendor/codeigniter4/framework/system/CLI/Console.php(47): CodeIgniter\CLI\Commands->run('migrate:refresh', Array)
#12 /Users/saziye/Documents/ornekProje/vendor/codeigniter4/framework/system/Boot.php(388): CodeIgniter\CLI\Console->run()
#13 /Users/saziye/Documents/ornekProje/vendor/codeigniter4/framework/system/Boot.php(133): CodeIgniter\Boot::runCommand(Object(CodeIgniter\CLI\Console))
#14 /Users/saziye/Documents/ornekProje/spark(87): CodeIgniter\Boot::bootSpark(Object(Config\Paths))
#15 {main}
ERROR - 2025-10-18 18:15:16 --> Error connecting to the database: mysqli_sql_exception: Access denied for user 'root'@'localhost' (using password: YES) in /Users/saziye/Documents/ornekProje/vendor/codeigniter4/framework/system/Database/MySQLi/Connection.php:201
Stack trace:
#0 /Users/saziye/Documents/ornekProje/vendor/codeigniter4/framework/system/Database/MySQLi/Connection.php(201): mysqli->real_connect('localhost', 'root', Object(SensitiveParameterValue), 'educontent_db', 3306, '', 0)
#1 /Users/saziye/Documents/ornekProje/vendor/codeigniter4/framework/system/Database/BaseConnection.php(419): CodeIgniter\Database\MySQLi\Connection->connect(false)
#2 /Users/saziye/Documents/ornekProje/vendor/codeigniter4/framework/system/Database/BaseConnection.php(614): CodeIgniter\Database\BaseConnection->initialize()
#3 /Users/saziye/Documents/ornekProje/vendor/codeigniter4/framework/system/Database/BaseConnection.php(1525): CodeIgniter\Database\BaseConnection->query('SHOW TABLES FRO...')
#4 /Users/saziye/Documents/ornekProje/vendor/codeigniter4/framework/system/Database/BaseConnection.php(1545): CodeIgniter\Database\BaseConnection->listTables()
#5 /Users/saziye/Documents/ornekProje/vendor/codeigniter4/framework/system/Database/MigrationRunner.php(768): CodeIgniter\Database\BaseConnection->tableExists('migrations')
#6 /Users/saziye/Documents/ornekProje/vendor/codeigniter4/framework/system/Database/MigrationRunner.php(231): CodeIgniter\Database\MigrationRunner->ensureTable()
#7 /Users/saziye/Documents/ornekProje/vendor/codeigniter4/framework/system/Commands/Database/MigrateRollback.php(101): CodeIgniter\Database\MigrationRunner->regress(0)
#8 /Users/saziye/Documents/ornekProje/vendor/codeigniter4/framework/system/CLI/Commands.php(74): CodeIgniter\Commands\Database\MigrateRollback->run(Array)
#9 /Users/saziye/Documents/ornekProje/vendor/codeigniter4/framework/system/CLI/BaseCommand.php(119): CodeIgniter\CLI\Commands->run('migrate:rollbac...', Array)
#10 /Users/saziye/Documents/ornekProje/vendor/codeigniter4/framework/system/Commands/Database/MigrateRefresh.php(86): CodeIgniter\CLI\BaseCommand->call('migrate:rollbac...', Array)
#11 /Users/saziye/Documents/ornekProje/vendor/codeigniter4/framework/system/CLI/Commands.php(74): CodeIgniter\Commands\Database\MigrateRefresh->run(Array)
#12 /Users/saziye/Documents/ornekProje/vendor/codeigniter4/framework/system/CLI/Console.php(47): CodeIgniter\CLI\Commands->run('migrate:refresh', Array)
#13 /Users/saziye/Documents/ornekProje/vendor/codeigniter4/framework/system/Boot.php(388): CodeIgniter\CLI\Console->run()
#14 /Users/saziye/Documents/ornekProje/vendor/codeigniter4/framework/system/Boot.php(133): CodeIgniter\Boot::runCommand(Object(CodeIgniter\CLI\Console))
#15 /Users/saziye/Documents/ornekProje/spark(87): CodeIgniter\Boot::bootSpark(Object(Config\Paths))
#16 {main}

Next CodeIgniter\Database\Exceptions\DatabaseException: Access denied for user '****'@'localhost' (using password: YES) in /Users/saziye/Documents/ornekProje/vendor/codeigniter4/framework/system/Database/MySQLi/Connection.php:246
Stack trace:
#0 /Users/saziye/Documents/ornekProje/vendor/codeigniter4/framework/system/Database/BaseConnection.php(419): CodeIgniter\Database\MySQLi\Connection->connect(false)
#1 /Users/saziye/Documents/ornekProje/vendor/codeigniter4/framework/system/Database/BaseConnection.php(614): CodeIgniter\Database\BaseConnection->initialize()
#2 /Users/saziye/Documents/ornekProje/vendor/codeigniter4/framework/system/Database/BaseConnection.php(1525): CodeIgniter\Database\BaseConnection->query('SHOW TABLES FRO...')
#3 /Users/saziye/Documents/ornekProje/vendor/codeigniter4/framework/system/Database/BaseConnection.php(1545): CodeIgniter\Database\BaseConnection->listTables()
#4 /Users/saziye/Documents/ornekProje/vendor/codeigniter4/framework/system/Database/MigrationRunner.php(768): CodeIgniter\Database\BaseConnection->tableExists('migrations')
#5 /Users/saziye/Documents/ornekProje/vendor/codeigniter4/framework/system/Database/MigrationRunner.php(231): CodeIgniter\Database\MigrationRunner->ensureTable()
#6 /Users/saziye/Documents/ornekProje/vendor/codeigniter4/framework/system/Commands/Database/MigrateRollback.php(101): CodeIgniter\Database\MigrationRunner->regress(0)
#7 /Users/saziye/Documents/ornekProje/vendor/codeigniter4/framework/system/CLI/Commands.php(74): CodeIgniter\Commands\Database\MigrateRollback->run(Array)
#8 /Users/saziye/Documents/ornekProje/vendor/codeigniter4/framework/system/CLI/BaseCommand.php(119): CodeIgniter\CLI\Commands->run('migrate:rollbac...', Array)
#9 /Users/saziye/Documents/ornekProje/vendor/codeigniter4/framework/system/Commands/Database/MigrateRefresh.php(86): CodeIgniter\CLI\BaseCommand->call('migrate:rollbac...', Array)
#10 /Users/saziye/Documents/ornekProje/vendor/codeigniter4/framework/system/CLI/Commands.php(74): CodeIgniter\Commands\Database\MigrateRefresh->run(Array)
#11 /Users/saziye/Documents/ornekProje/vendor/codeigniter4/framework/system/CLI/Console.php(47): CodeIgniter\CLI\Commands->run('migrate:refresh', Array)
#12 /Users/saziye/Documents/ornekProje/vendor/codeigniter4/framework/system/Boot.php(388): CodeIgniter\CLI\Console->run()
#13 /Users/saziye/Documents/ornekProje/vendor/codeigniter4/framework/system/Boot.php(133): CodeIgniter\Boot::runCommand(Object(CodeIgniter\CLI\Console))
#14 /Users/saziye/Documents/ornekProje/spark(87): CodeIgniter\Boot::bootSpark(Object(Config\Paths))
#15 {main}
ERROR - 2025-10-18 18:15:16 --> Error connecting to the database: mysqli_sql_exception: Access denied for user 'root'@'localhost' (using password: YES) in /Users/saziye/Documents/ornekProje/vendor/codeigniter4/framework/system/Database/MySQLi/Connection.php:201
Stack trace:
#0 /Users/saziye/Documents/ornekProje/vendor/codeigniter4/framework/system/Database/MySQLi/Connection.php(201): mysqli->real_connect('localhost', 'root', Object(SensitiveParameterValue), 'educontent_db', 3306, '', 0)
#1 /Users/saziye/Documents/ornekProje/vendor/codeigniter4/framework/system/Database/BaseConnection.php(419): CodeIgniter\Database\MySQLi\Connection->connect(false)
#2 /Users/saziye/Documents/ornekProje/vendor/codeigniter4/framework/system/Database/BaseConnection.php(614): CodeIgniter\Database\BaseConnection->initialize()
#3 /Users/saziye/Documents/ornekProje/vendor/codeigniter4/framework/system/Database/BaseConnection.php(1525): CodeIgniter\Database\BaseConnection->query('SHOW TABLES FRO...')
#4 /Users/saziye/Documents/ornekProje/vendor/codeigniter4/framework/system/Database/BaseConnection.php(1545): CodeIgniter\Database\BaseConnection->listTables()
#5 /Users/saziye/Documents/ornekProje/vendor/codeigniter4/framework/system/Database/MigrationRunner.php(768): CodeIgniter\Database\BaseConnection->tableExists('migrations')
#6 /Users/saziye/Documents/ornekProje/vendor/codeigniter4/framework/system/Database/MigrationRunner.php(162): CodeIgniter\Database\MigrationRunner->ensureTable()
#7 /Users/saziye/Documents/ornekProje/vendor/codeigniter4/framework/system/Commands/Database/Migrate.php(85): CodeIgniter\Database\MigrationRunner->latest(NULL)
#8 /Users/saziye/Documents/ornekProje/vendor/codeigniter4/framework/system/CLI/Commands.php(74): CodeIgniter\Commands\Database\Migrate->run(Array)
#9 /Users/saziye/Documents/ornekProje/vendor/codeigniter4/framework/system/CLI/BaseCommand.php(119): CodeIgniter\CLI\Commands->run('migrate', Array)
#10 /Users/saziye/Documents/ornekProje/vendor/codeigniter4/framework/system/Commands/Database/MigrateRefresh.php(87): CodeIgniter\CLI\BaseCommand->call('migrate', Array)
#11 /Users/saziye/Documents/ornekProje/vendor/codeigniter4/framework/system/CLI/Commands.php(74): CodeIgniter\Commands\Database\MigrateRefresh->run(Array)
#12 /Users/saziye/Documents/ornekProje/vendor/codeigniter4/framework/system/CLI/Console.php(47): CodeIgniter\CLI\Commands->run('migrate:refresh', Array)
#13 /Users/saziye/Documents/ornekProje/vendor/codeigniter4/framework/system/Boot.php(388): CodeIgniter\CLI\Console->run()
#14 /Users/saziye/Documents/ornekProje/vendor/codeigniter4/framework/system/Boot.php(133): CodeIgniter\Boot::runCommand(Object(CodeIgniter\CLI\Console))
#15 /Users/saziye/Documents/ornekProje/spark(87): CodeIgniter\Boot::bootSpark(Object(Config\Paths))
#16 {main}

Next CodeIgniter\Database\Exceptions\DatabaseException: Access denied for user '****'@'localhost' (using password: YES) in /Users/saziye/Documents/ornekProje/vendor/codeigniter4/framework/system/Database/MySQLi/Connection.php:246
Stack trace:
#0 /Users/saziye/Documents/ornekProje/vendor/codeigniter4/framework/system/Database/BaseConnection.php(419): CodeIgniter\Database\MySQLi\Connection->connect(false)
#1 /Users/saziye/Documents/ornekProje/vendor/codeigniter4/framework/system/Database/BaseConnection.php(614): CodeIgniter\Database\BaseConnection->initialize()
#2 /Users/saziye/Documents/ornekProje/vendor/codeigniter4/framework/system/Database/BaseConnection.php(1525): CodeIgniter\Database\BaseConnection->query('SHOW TABLES FRO...')
#3 /Users/saziye/Documents/ornekProje/vendor/codeigniter4/framework/system/Database/BaseConnection.php(1545): CodeIgniter\Database\BaseConnection->listTables()
#4 /Users/saziye/Documents/ornekProje/vendor/codeigniter4/framework/system/Database/MigrationRunner.php(768): CodeIgniter\Database\BaseConnection->tableExists('migrations')
#5 /Users/saziye/Documents/ornekProje/vendor/codeigniter4/framework/system/Database/MigrationRunner.php(162): CodeIgniter\Database\MigrationRunner->ensureTable()
#6 /Users/saziye/Documents/ornekProje/vendor/codeigniter4/framework/system/Commands/Database/Migrate.php(85): CodeIgniter\Database\MigrationRunner->latest(NULL)
#7 /Users/saziye/Documents/ornekProje/vendor/codeigniter4/framework/system/CLI/Commands.php(74): CodeIgniter\Commands\Database\Migrate->run(Array)
#8 /Users/saziye/Documents/ornekProje/vendor/codeigniter4/framework/system/CLI/BaseCommand.php(119): CodeIgniter\CLI\Commands->run('migrate', Array)
#9 /Users/saziye/Documents/ornekProje/vendor/codeigniter4/framework/system/Commands/Database/MigrateRefresh.php(87): CodeIgniter\CLI\BaseCommand->call('migrate', Array)
#10 /Users/saziye/Documents/ornekProje/vendor/codeigniter4/framework/system/CLI/Commands.php(74): CodeIgniter\Commands\Database\MigrateRefresh->run(Array)
#11 /Users/saziye/Documents/ornekProje/vendor/codeigniter4/framework/system/CLI/Console.php(47): CodeIgniter\CLI\Commands->run('migrate:refresh', Array)
#12 /Users/saziye/Documents/ornekProje/vendor/codeigniter4/framework/system/Boot.php(388): CodeIgniter\CLI\Console->run()
#13 /Users/saziye/Documents/ornekProje/vendor/codeigniter4/framework/system/Boot.php(133): CodeIgniter\Boot::runCommand(Object(CodeIgniter\CLI\Console))
#14 /Users/saziye/Documents/ornekProje/spark(87): CodeIgniter\Boot::bootSpark(Object(Config\Paths))
#15 {main}
ERROR - 2025-10-18 18:15:21 --> Error connecting to the database: mysqli_sql_exception: Access denied for user 'root'@'localhost' (using password: YES) in /Users/saziye/Documents/ornekProje/vendor/codeigniter4/framework/system/Database/MySQLi/Connection.php:201
Stack trace:
#0 /Users/saziye/Documents/ornekProje/vendor/codeigniter4/framework/system/Database/MySQLi/Connection.php(201): mysqli->real_connect('127.0.0.1', 'root', Object(SensitiveParameterValue), 'educontent_db', 3306, '', 0)
#1 /Users/saziye/Documents/ornekProje/vendor/codeigniter4/framework/system/Database/BaseConnection.php(419): CodeIgniter\Database\MySQLi\Connection->connect(false)
#2 /Users/saziye/Documents/ornekProje/vendor/codeigniter4/framework/system/Database/BaseConnection.php(614): CodeIgniter\Database\BaseConnection->initialize()
#3 /Users/saziye/Documents/ornekProje/vendor/codeigniter4/framework/system/Database/BaseConnection.php(1525): CodeIgniter\Database\BaseConnection->query('SHOW TABLES FRO...')
#4 /Users/saziye/Documents/ornekProje/vendor/codeigniter4/framework/system/Database/BaseConnection.php(1545): CodeIgniter\Database\BaseConnection->listTables()
#5 /Users/saziye/Documents/ornekProje/vendor/codeigniter4/framework/system/Database/MigrationRunner.php(768): CodeIgniter\Database\BaseConnection->tableExists('migrations')
#6 /Users/saziye/Documents/ornekProje/vendor/codeigniter4/framework/system/Database/MigrationRunner.php(231): CodeIgniter\Database\MigrationRunner->ensureTable()
#7 /Users/saziye/Documents/ornekProje/vendor/codeigniter4/framework/system/Commands/Database/MigrateRollback.php(101): CodeIgniter\Database\MigrationRunner->regress(0)
#8 /Users/saziye/Documents/ornekProje/vendor/codeigniter4/framework/system/CLI/Commands.php(74): CodeIgniter\Commands\Database\MigrateRollback->run(Array)
#9 /Users/saziye/Documents/ornekProje/vendor/codeigniter4/framework/system/CLI/BaseCommand.php(119): CodeIgniter\CLI\Commands->run('migrate:rollbac...', Array)
#10 /Users/saziye/Documents/ornekProje/vendor/codeigniter4/framework/system/Commands/Database/MigrateRefresh.php(86): CodeIgniter\CLI\BaseCommand->call('migrate:rollbac...', Array)
#11 /Users/saziye/Documents/ornekProje/vendor/codeigniter4/framework/system/CLI/Commands.php(74): CodeIgniter\Commands\Database\MigrateRefresh->run(Array)
#12 /Users/saziye/Documents/ornekProje/vendor/codeigniter4/framework/system/CLI/Console.php(47): CodeIgniter\CLI\Commands->run('migrate:refresh', Array)
#13 /Users/saziye/Documents/ornekProje/vendor/codeigniter4/framework/system/Boot.php(388): CodeIgniter\CLI\Console->run()
#14 /Users/saziye/Documents/ornekProje/vendor/codeigniter4/framework/system/Boot.php(133): CodeIgniter\Boot::runCommand(Object(CodeIgniter\CLI\Console))
#15 /Users/saziye/Documents/ornekProje/spark(87): CodeIgniter\Boot::bootSpark(Object(Config\Paths))
#16 {main}

Next CodeIgniter\Database\Exceptions\DatabaseException: Access denied for user '****'@'localhost' (using password: YES) in /Users/saziye/Documents/ornekProje/vendor/codeigniter4/framework/system/Database/MySQLi/Connection.php:246
Stack trace:
#0 /Users/saziye/Documents/ornekProje/vendor/codeigniter4/framework/system/Database/BaseConnection.php(419): CodeIgniter\Database\MySQLi\Connection->connect(false)
#1 /Users/saziye/Documents/ornekProje/vendor/codeigniter4/framework/system/Database/BaseConnection.php(614): CodeIgniter\Database\BaseConnection->initialize()
#2 /Users/saziye/Documents/ornekProje/vendor/codeigniter4/framework/system/Database/BaseConnection.php(1525): CodeIgniter\Database\BaseConnection->query('SHOW TABLES FRO...')
#3 /Users/saziye/Documents/ornekProje/vendor/codeigniter4/framework/system/Database/BaseConnection.php(1545): CodeIgniter\Database\BaseConnection->listTables()
#4 /Users/saziye/Documents/ornekProje/vendor/codeigniter4/framework/system/Database/MigrationRunner.php(768): CodeIgniter\Database\BaseConnection->tableExists('migrations')
#5 /Users/saziye/Documents/ornekProje/vendor/codeigniter4/framework/system/Database/MigrationRunner.php(231): CodeIgniter\Database\MigrationRunner->ensureTable()
#6 /Users/saziye/Documents/ornekProje/vendor/codeigniter4/framework/system/Commands/Database/MigrateRollback.php(101): CodeIgniter\Database\MigrationRunner->regress(0)
#7 /Users/saziye/Documents/ornekProje/vendor/codeigniter4/framework/system/CLI/Commands.php(74): CodeIgniter\Commands\Database\MigrateRollback->run(Array)
#8 /Users/saziye/Documents/ornekProje/vendor/codeigniter4/framework/system/CLI/BaseCommand.php(119): CodeIgniter\CLI\Commands->run('migrate:rollbac...', Array)
#9 /Users/saziye/Documents/ornekProje/vendor/codeigniter4/framework/system/Commands/Database/MigrateRefresh.php(86): CodeIgniter\CLI\BaseCommand->call('migrate:rollbac...', Array)
#10 /Users/saziye/Documents/ornekProje/vendor/codeigniter4/framework/system/CLI/Commands.php(74): CodeIgniter\Commands\Database\MigrateRefresh->run(Array)
#11 /Users/saziye/Documents/ornekProje/vendor/codeigniter4/framework/system/CLI/Console.php(47): CodeIgniter\CLI\Commands->run('migrate:refresh', Array)
#12 /Users/saziye/Documents/ornekProje/vendor/codeigniter4/framework/system/Boot.php(388): CodeIgniter\CLI\Console->run()
#13 /Users/saziye/Documents/ornekProje/vendor/codeigniter4/framework/system/Boot.php(133): CodeIgniter\Boot::runCommand(Object(CodeIgniter\CLI\Console))
#14 /Users/saziye/Documents/ornekProje/spark(87): CodeIgniter\Boot::bootSpark(Object(Config\Paths))
#15 {main}
ERROR - 2025-10-18 18:15:21 --> Error connecting to the database: mysqli_sql_exception: Access denied for user 'root'@'localhost' (using password: YES) in /Users/saziye/Documents/ornekProje/vendor/codeigniter4/framework/system/Database/MySQLi/Connection.php:201
Stack trace:
#0 /Users/saziye/Documents/ornekProje/vendor/codeigniter4/framework/system/Database/MySQLi/Connection.php(201): mysqli->real_connect('127.0.0.1', 'root', Object(SensitiveParameterValue), 'educontent_db', 3306, '', 0)
#1 /Users/saziye/Documents/ornekProje/vendor/codeigniter4/framework/system/Database/BaseConnection.php(419): CodeIgniter\Database\MySQLi\Connection->connect(false)
#2 /Users/saziye/Documents/ornekProje/vendor/codeigniter4/framework/system/Database/BaseConnection.php(614): CodeIgniter\Database\BaseConnection->initialize()
#3 /Users/saziye/Documents/ornekProje/vendor/codeigniter4/framework/system/Database/BaseConnection.php(1525): CodeIgniter\Database\BaseConnection->query('SHOW TABLES FRO...')
#4 /Users/saziye/Documents/ornekProje/vendor/codeigniter4/framework/system/Database/BaseConnection.php(1545): CodeIgniter\Database\BaseConnection->listTables()
#5 /Users/saziye/Documents/ornekProje/vendor/codeigniter4/framework/system/Database/MigrationRunner.php(768): CodeIgniter\Database\BaseConnection->tableExists('migrations')
#6 /Users/saziye/Documents/ornekProje/vendor/codeigniter4/framework/system/Database/MigrationRunner.php(162): CodeIgniter\Database\MigrationRunner->ensureTable()
#7 /Users/saziye/Documents/ornekProje/vendor/codeigniter4/framework/system/Commands/Database/Migrate.php(85): CodeIgniter\Database\MigrationRunner->latest(NULL)
#8 /Users/saziye/Documents/ornekProje/vendor/codeigniter4/framework/system/CLI/Commands.php(74): CodeIgniter\Commands\Database\Migrate->run(Array)
#9 /Users/saziye/Documents/ornekProje/vendor/codeigniter4/framework/system/CLI/BaseCommand.php(119): CodeIgniter\CLI\Commands->run('migrate', Array)
#10 /Users/saziye/Documents/ornekProje/vendor/codeigniter4/framework/system/Commands/Database/MigrateRefresh.php(87): CodeIgniter\CLI\BaseCommand->call('migrate', Array)
#11 /Users/saziye/Documents/ornekProje/vendor/codeigniter4/framework/system/CLI/Commands.php(74): CodeIgniter\Commands\Database\MigrateRefresh->run(Array)
#12 /Users/saziye/Documents/ornekProje/vendor/codeigniter4/framework/system/CLI/Console.php(47): CodeIgniter\CLI\Commands->run('migrate:refresh', Array)
#13 /Users/saziye/Documents/ornekProje/vendor/codeigniter4/framework/system/Boot.php(388): CodeIgniter\CLI\Console->run()
#14 /Users/saziye/Documents/ornekProje/vendor/codeigniter4/framework/system/Boot.php(133): CodeIgniter\Boot::runCommand(Object(CodeIgniter\CLI\Console))
#15 /Users/saziye/Documents/ornekProje/spark(87): CodeIgniter\Boot::bootSpark(Object(Config\Paths))
#16 {main}

Next CodeIgniter\Database\Exceptions\DatabaseException: Access denied for user '****'@'localhost' (using password: YES) in /Users/saziye/Documents/ornekProje/vendor/codeigniter4/framework/system/Database/MySQLi/Connection.php:246
Stack trace:
#0 /Users/saziye/Documents/ornekProje/vendor/codeigniter4/framework/system/Database/BaseConnection.php(419): CodeIgniter\Database\MySQLi\Connection->connect(false)
#1 /Users/saziye/Documents/ornekProje/vendor/codeigniter4/framework/system/Database/BaseConnection.php(614): CodeIgniter\Database\BaseConnection->initialize()
#2 /Users/saziye/Documents/ornekProje/vendor/codeigniter4/framework/system/Database/BaseConnection.php(1525): CodeIgniter\Database\BaseConnection->query('SHOW TABLES FRO...')
#3 /Users/saziye/Documents/ornekProje/vendor/codeigniter4/framework/system/Database/BaseConnection.php(1545): CodeIgniter\Database\BaseConnection->listTables()
#4 /Users/saziye/Documents/ornekProje/vendor/codeigniter4/framework/system/Database/MigrationRunner.php(768): CodeIgniter\Database\BaseConnection->tableExists('migrations')
#5 /Users/saziye/Documents/ornekProje/vendor/codeigniter4/framework/system/Database/MigrationRunner.php(162): CodeIgniter\Database\MigrationRunner->ensureTable()
#6 /Users/saziye/Documents/ornekProje/vendor/codeigniter4/framework/system/Commands/Database/Migrate.php(85): CodeIgniter\Database\MigrationRunner->latest(NULL)
#7 /Users/saziye/Documents/ornekProje/vendor/codeigniter4/framework/system/CLI/Commands.php(74): CodeIgniter\Commands\Database\Migrate->run(Array)
#8 /Users/saziye/Documents/ornekProje/vendor/codeigniter4/framework/system/CLI/BaseCommand.php(119): CodeIgniter\CLI\Commands->run('migrate', Array)
#9 /Users/saziye/Documents/ornekProje/vendor/codeigniter4/framework/system/Commands/Database/MigrateRefresh.php(87): CodeIgniter\CLI\BaseCommand->call('migrate', Array)
#10 /Users/saziye/Documents/ornekProje/vendor/codeigniter4/framework/system/CLI/Commands.php(74): CodeIgniter\Commands\Database\MigrateRefresh->run(Array)
#11 /Users/saziye/Documents/ornekProje/vendor/codeigniter4/framework/system/CLI/Console.php(47): CodeIgniter\CLI\Commands->run('migrate:refresh', Array)
#12 /Users/saziye/Documents/ornekProje/vendor/codeigniter4/framework/system/Boot.php(388): CodeIgniter\CLI\Console->run()
#13 /Users/saziye/Documents/ornekProje/vendor/codeigniter4/framework/system/Boot.php(133): CodeIgniter\Boot::runCommand(Object(CodeIgniter\CLI\Console))
#14 /Users/saziye/Documents/ornekProje/spark(87): CodeIgniter\Boot::bootSpark(Object(Config\Paths))
#15 {main}
ERROR - 2025-10-18 18:39:46 --> Profile completion view dictionary load failed: Class "App\Services\Articles\ArticleWizardService" not found
CRITICAL - 2025-10-18 18:40:07 --> Error: Class "App\Models\Articles\LearningMaterialsModel" not found
[Method: GET, Route: apps/my-materials]
in APPPATH/Services/LearningMaterials/MyLearningMaterialsService.php on line 14.
 1 APPPATH/Services/LearningMaterials/MyLearningMaterialsService.php(13): [constant expression]()
 2 APPPATH/Controllers/LearningMaterials/MyLearningMaterialsController.php(12): App\Services\LearningMaterials\MyLearningMaterialsService->__construct()
 3 SYSTEMPATH/CodeIgniter.php(903): App\Controllers\LearningMaterials\MyLearningMaterialsController->__construct()
 4 SYSTEMPATH/CodeIgniter.php(498): CodeIgniter\CodeIgniter->createController()
 5 SYSTEMPATH/CodeIgniter.php(354): CodeIgniter\CodeIgniter->handleRequest(null, Object(Config\Cache), false)
 6 SYSTEMPATH/Boot.php(363): CodeIgniter\CodeIgniter->run()
 7 SYSTEMPATH/Boot.php(68): CodeIgniter\Boot::runCodeIgniter(Object(CodeIgniter\CodeIgniter))
 8 FCPATH/index.php(59): CodeIgniter\Boot::bootWeb(Object(Config\Paths))
 9 SYSTEMPATH/rewrite.php(44): require_once('/Users/saziye/Documents/ornekProje/public/index.php')
CRITICAL - 2025-10-18 18:44:04 --> Error: Class "App\Models\Articles\LearningMaterialsModel" not found
[Method: GET, Route: apps/my-materials]
in APPPATH/Services/LearningMaterials/MyLearningMaterialsService.php on line 14.
 1 APPPATH/Services/LearningMaterials/MyLearningMaterialsService.php(13): [constant expression]()
 2 APPPATH/Controllers/LearningMaterials/MyLearningMaterialsController.php(12): App\Services\LearningMaterials\MyLearningMaterialsService->__construct()
 3 SYSTEMPATH/CodeIgniter.php(903): App\Controllers\LearningMaterials\MyLearningMaterialsController->__construct()
 4 SYSTEMPATH/CodeIgniter.php(498): CodeIgniter\CodeIgniter->createController()
 5 SYSTEMPATH/CodeIgniter.php(354): CodeIgniter\CodeIgniter->handleRequest(null, Object(Config\Cache), false)
 6 SYSTEMPATH/Boot.php(363): CodeIgniter\CodeIgniter->run()
 7 SYSTEMPATH/Boot.php(68): CodeIgniter\Boot::runCodeIgniter(Object(CodeIgniter\CodeIgniter))
 8 FCPATH/index.php(59): CodeIgniter\Boot::bootWeb(Object(Config\Paths))
 9 SYSTEMPATH/rewrite.php(44): require_once('/Users/saziye/Documents/ornekProje/public/index.php')
CRITICAL - 2025-10-18 19:13:33 --> Error: Class "App\Models\Articles\LearningMaterialsModel" not found
[Method: GET, Route: apps/my-materials]
in APPPATH/Services/LearningMaterials/MyLearningMaterialsService.php on line 14.
 1 APPPATH/Services/LearningMaterials/MyLearningMaterialsService.php(13): [constant expression]()
 2 APPPATH/Controllers/LearningMaterials/MyLearningMaterialsController.php(12): App\Services\LearningMaterials\MyLearningMaterialsService->__construct()
 3 SYSTEMPATH/CodeIgniter.php(903): App\Controllers\LearningMaterials\MyLearningMaterialsController->__construct()
 4 SYSTEMPATH/CodeIgniter.php(498): CodeIgniter\CodeIgniter->createController()
 5 SYSTEMPATH/CodeIgniter.php(354): CodeIgniter\CodeIgniter->handleRequest(null, Object(Config\Cache), false)
 6 SYSTEMPATH/Boot.php(363): CodeIgniter\CodeIgniter->run()
 7 SYSTEMPATH/Boot.php(68): CodeIgniter\Boot::runCodeIgniter(Object(CodeIgniter\CodeIgniter))
 8 FCPATH/index.php(59): CodeIgniter\Boot::bootWeb(Object(Config\Paths))
 9 SYSTEMPATH/rewrite.php(44): require_once('/Users/saziye/Documents/ornekProje/public/index.php')
