DEBUG - 2025-10-20 17:36:05 --> Session: Class initialized using 'CodeIgniter\Session\Handlers\FileHandler' driver.
DEBUG - 2025-10-20 17:36:05 --> Session: Class initialized using 'CodeIgniter\Session\Handlers\FileHandler' driver.
DEBUG - 2025-10-20 17:36:15 --> Session: Class initialized using 'CodeIgniter\Session\Handlers\FileHandler' driver.
DEBUG - 2025-10-20 17:36:15 --> Session: Class initialized using 'CodeIgniter\Session\Handlers\FileHandler' driver.
WARNING - 2025-10-20 17:38:58 --> [DEPRECATED] Creation of dynamic property App\Services\LearningMaterials\LearningMaterialWizardService::$pubTypes is deprecated in APPPATH/Services/LearningMaterials/LearningMaterialWizardService.php on line 53.
 1 APPPATH/Controllers/LearningMaterials/LearningMaterialWizardController.php(17): App\Services\LearningMaterials\LearningMaterialWizardService->__construct()
 2 SYSTEMPATH/CodeIgniter.php(903): App\Controllers\LearningMaterials\LearningMaterialWizardController->__construct()
 3 SYSTEMPATH/CodeIgniter.php(498): CodeIgniter\CodeIgniter->createController()
 4 SYSTEMPATH/CodeIgniter.php(354): CodeIgniter\CodeIgniter->handleRequest(null, Object(Config\Cache), false)
 5 SYSTEMPATH/Boot.php(363): CodeIgniter\CodeIgniter->run()
 6 SYSTEMPATH/Boot.php(68): CodeIgniter\Boot::runCodeIgniter(Object(CodeIgniter\CodeIgniter))
 7 FCPATH/index.php(59): CodeIgniter\Boot::bootWeb(Object(Config\Paths))
 8 SYSTEMPATH/rewrite.php(44): require_once('/Users/saziye/Documents/ornekProje/public/index.php')
WARNING - 2025-10-20 17:38:58 --> [DEPRECATED] Creation of dynamic property App\Services\LearningMaterials\LearningMaterialWizardService::$contents is deprecated in APPPATH/Services/LearningMaterials/LearningMaterialWizardService.php on line 60.
 1 APPPATH/Controllers/LearningMaterials/LearningMaterialWizardController.php(17): App\Services\LearningMaterials\LearningMaterialWizardService->__construct()
 2 SYSTEMPATH/CodeIgniter.php(903): App\Controllers\LearningMaterials\LearningMaterialWizardController->__construct()
 3 SYSTEMPATH/CodeIgniter.php(498): CodeIgniter\CodeIgniter->createController()
 4 SYSTEMPATH/CodeIgniter.php(354): CodeIgniter\CodeIgniter->handleRequest(null, Object(Config\Cache), false)
 5 SYSTEMPATH/Boot.php(363): CodeIgniter\CodeIgniter->run()
 6 SYSTEMPATH/Boot.php(68): CodeIgniter\Boot::runCodeIgniter(Object(CodeIgniter\CodeIgniter))
 7 FCPATH/index.php(59): CodeIgniter\Boot::bootWeb(Object(Config\Paths))
 8 SYSTEMPATH/rewrite.php(44): require_once('/Users/saziye/Documents/ornekProje/public/index.php')
WARNING - 2025-10-20 17:38:58 --> [DEPRECATED] Creation of dynamic property App\Services\LearningMaterials\LearningMaterialWizardService::$authors is deprecated in APPPATH/Services/LearningMaterials/LearningMaterialWizardService.php on line 62.
 1 APPPATH/Controllers/LearningMaterials/LearningMaterialWizardController.php(17): App\Services\LearningMaterials\LearningMaterialWizardService->__construct()
 2 SYSTEMPATH/CodeIgniter.php(903): App\Controllers\LearningMaterials\LearningMaterialWizardController->__construct()
 3 SYSTEMPATH/CodeIgniter.php(498): CodeIgniter\CodeIgniter->createController()
 4 SYSTEMPATH/CodeIgniter.php(354): CodeIgniter\CodeIgniter->handleRequest(null, Object(Config\Cache), false)
 5 SYSTEMPATH/Boot.php(363): CodeIgniter\CodeIgniter->run()
 6 SYSTEMPATH/Boot.php(68): CodeIgniter\Boot::runCodeIgniter(Object(CodeIgniter\CodeIgniter))
 7 FCPATH/index.php(59): CodeIgniter\Boot::bootWeb(Object(Config\Paths))
 8 SYSTEMPATH/rewrite.php(44): require_once('/Users/saziye/Documents/ornekProje/public/index.php')
DEBUG - 2025-10-20 17:38:59 --> Session: Class initialized using 'CodeIgniter\Session\Handlers\FileHandler' driver.
DEBUG - 2025-10-20 17:38:59 --> Session: Class initialized using 'CodeIgniter\Session\Handlers\FileHandler' driver.
WARNING - 2025-10-20 17:38:59 --> [DEPRECATED] Creation of dynamic property App\Services\LearningMaterials\LearningMaterialWizardService::$pubTypes is deprecated in APPPATH/Services/LearningMaterials/LearningMaterialWizardService.php on line 53.
 1 APPPATH/Controllers/LearningMaterials/LearningMaterialWizardController.php(17): App\Services\LearningMaterials\LearningMaterialWizardService->__construct()
 2 SYSTEMPATH/CodeIgniter.php(903): App\Controllers\LearningMaterials\LearningMaterialWizardController->__construct()
 3 SYSTEMPATH/CodeIgniter.php(498): CodeIgniter\CodeIgniter->createController()
 4 SYSTEMPATH/CodeIgniter.php(354): CodeIgniter\CodeIgniter->handleRequest(null, Object(Config\Cache), false)
 5 SYSTEMPATH/Boot.php(363): CodeIgniter\CodeIgniter->run()
 6 SYSTEMPATH/Boot.php(68): CodeIgniter\Boot::runCodeIgniter(Object(CodeIgniter\CodeIgniter))
 7 FCPATH/index.php(59): CodeIgniter\Boot::bootWeb(Object(Config\Paths))
 8 SYSTEMPATH/rewrite.php(44): require_once('/Users/saziye/Documents/ornekProje/public/index.php')
WARNING - 2025-10-20 17:38:59 --> [DEPRECATED] Creation of dynamic property App\Services\LearningMaterials\LearningMaterialWizardService::$contents is deprecated in APPPATH/Services/LearningMaterials/LearningMaterialWizardService.php on line 60.
 1 APPPATH/Controllers/LearningMaterials/LearningMaterialWizardController.php(17): App\Services\LearningMaterials\LearningMaterialWizardService->__construct()
 2 SYSTEMPATH/CodeIgniter.php(903): App\Controllers\LearningMaterials\LearningMaterialWizardController->__construct()
 3 SYSTEMPATH/CodeIgniter.php(498): CodeIgniter\CodeIgniter->createController()
 4 SYSTEMPATH/CodeIgniter.php(354): CodeIgniter\CodeIgniter->handleRequest(null, Object(Config\Cache), false)
 5 SYSTEMPATH/Boot.php(363): CodeIgniter\CodeIgniter->run()
 6 SYSTEMPATH/Boot.php(68): CodeIgniter\Boot::runCodeIgniter(Object(CodeIgniter\CodeIgniter))
 7 FCPATH/index.php(59): CodeIgniter\Boot::bootWeb(Object(Config\Paths))
 8 SYSTEMPATH/rewrite.php(44): require_once('/Users/saziye/Documents/ornekProje/public/index.php')
WARNING - 2025-10-20 17:38:59 --> [DEPRECATED] Creation of dynamic property App\Services\LearningMaterials\LearningMaterialWizardService::$authors is deprecated in APPPATH/Services/LearningMaterials/LearningMaterialWizardService.php on line 62.
 1 APPPATH/Controllers/LearningMaterials/LearningMaterialWizardController.php(17): App\Services\LearningMaterials\LearningMaterialWizardService->__construct()
 2 SYSTEMPATH/CodeIgniter.php(903): App\Controllers\LearningMaterials\LearningMaterialWizardController->__construct()
 3 SYSTEMPATH/CodeIgniter.php(498): CodeIgniter\CodeIgniter->createController()
 4 SYSTEMPATH/CodeIgniter.php(354): CodeIgniter\CodeIgniter->handleRequest(null, Object(Config\Cache), false)
 5 SYSTEMPATH/Boot.php(363): CodeIgniter\CodeIgniter->run()
 6 SYSTEMPATH/Boot.php(68): CodeIgniter\Boot::runCodeIgniter(Object(CodeIgniter\CodeIgniter))
 7 FCPATH/index.php(59): CodeIgniter\Boot::bootWeb(Object(Config\Paths))
 8 SYSTEMPATH/rewrite.php(44): require_once('/Users/saziye/Documents/ornekProje/public/index.php')
DEBUG - 2025-10-20 17:38:59 --> Session: Class initialized using 'CodeIgniter\Session\Handlers\FileHandler' driver.
DEBUG - 2025-10-20 17:38:59 --> Session: Class initialized using 'CodeIgniter\Session\Handlers\FileHandler' driver.
WARNING - 2025-10-20 17:38:59 --> [DEPRECATED] Creation of dynamic property App\Services\LearningMaterials\LearningMaterialWizardService::$pubTypes is deprecated in APPPATH/Services/LearningMaterials/LearningMaterialWizardService.php on line 53.
 1 APPPATH/Controllers/LearningMaterials/LearningMaterialWizardController.php(17): App\Services\LearningMaterials\LearningMaterialWizardService->__construct()
 2 SYSTEMPATH/CodeIgniter.php(903): App\Controllers\LearningMaterials\LearningMaterialWizardController->__construct()
 3 SYSTEMPATH/CodeIgniter.php(498): CodeIgniter\CodeIgniter->createController()
 4 SYSTEMPATH/CodeIgniter.php(354): CodeIgniter\CodeIgniter->handleRequest(null, Object(Config\Cache), false)
 5 SYSTEMPATH/Boot.php(363): CodeIgniter\CodeIgniter->run()
 6 SYSTEMPATH/Boot.php(68): CodeIgniter\Boot::runCodeIgniter(Object(CodeIgniter\CodeIgniter))
 7 FCPATH/index.php(59): CodeIgniter\Boot::bootWeb(Object(Config\Paths))
 8 SYSTEMPATH/rewrite.php(44): require_once('/Users/saziye/Documents/ornekProje/public/index.php')
WARNING - 2025-10-20 17:38:59 --> [DEPRECATED] Creation of dynamic property App\Services\LearningMaterials\LearningMaterialWizardService::$contents is deprecated in APPPATH/Services/LearningMaterials/LearningMaterialWizardService.php on line 60.
 1 APPPATH/Controllers/LearningMaterials/LearningMaterialWizardController.php(17): App\Services\LearningMaterials\LearningMaterialWizardService->__construct()
 2 SYSTEMPATH/CodeIgniter.php(903): App\Controllers\LearningMaterials\LearningMaterialWizardController->__construct()
 3 SYSTEMPATH/CodeIgniter.php(498): CodeIgniter\CodeIgniter->createController()
 4 SYSTEMPATH/CodeIgniter.php(354): CodeIgniter\CodeIgniter->handleRequest(null, Object(Config\Cache), false)
 5 SYSTEMPATH/Boot.php(363): CodeIgniter\CodeIgniter->run()
 6 SYSTEMPATH/Boot.php(68): CodeIgniter\Boot::runCodeIgniter(Object(CodeIgniter\CodeIgniter))
 7 FCPATH/index.php(59): CodeIgniter\Boot::bootWeb(Object(Config\Paths))
 8 SYSTEMPATH/rewrite.php(44): require_once('/Users/saziye/Documents/ornekProje/public/index.php')
WARNING - 2025-10-20 17:38:59 --> [DEPRECATED] Creation of dynamic property App\Services\LearningMaterials\LearningMaterialWizardService::$authors is deprecated in APPPATH/Services/LearningMaterials/LearningMaterialWizardService.php on line 62.
 1 APPPATH/Controllers/LearningMaterials/LearningMaterialWizardController.php(17): App\Services\LearningMaterials\LearningMaterialWizardService->__construct()
 2 SYSTEMPATH/CodeIgniter.php(903): App\Controllers\LearningMaterials\LearningMaterialWizardController->__construct()
 3 SYSTEMPATH/CodeIgniter.php(498): CodeIgniter\CodeIgniter->createController()
 4 SYSTEMPATH/CodeIgniter.php(354): CodeIgniter\CodeIgniter->handleRequest(null, Object(Config\Cache), false)
 5 SYSTEMPATH/Boot.php(363): CodeIgniter\CodeIgniter->run()
 6 SYSTEMPATH/Boot.php(68): CodeIgniter\Boot::runCodeIgniter(Object(CodeIgniter\CodeIgniter))
 7 FCPATH/index.php(59): CodeIgniter\Boot::bootWeb(Object(Config\Paths))
 8 SYSTEMPATH/rewrite.php(44): require_once('/Users/saziye/Documents/ornekProje/public/index.php')
DEBUG - 2025-10-20 17:38:59 --> Session: Class initialized using 'CodeIgniter\Session\Handlers\FileHandler' driver.
WARNING - 2025-10-20 17:38:59 --> [DEPRECATED] Creation of dynamic property App\Services\LearningMaterials\LearningMaterialWizardService::$pubTypes is deprecated in APPPATH/Services/LearningMaterials/LearningMaterialWizardService.php on line 53.
 1 APPPATH/Controllers/LearningMaterials/LearningMaterialWizardController.php(17): App\Services\LearningMaterials\LearningMaterialWizardService->__construct()
 2 SYSTEMPATH/CodeIgniter.php(903): App\Controllers\LearningMaterials\LearningMaterialWizardController->__construct()
 3 SYSTEMPATH/CodeIgniter.php(498): CodeIgniter\CodeIgniter->createController()
 4 SYSTEMPATH/CodeIgniter.php(354): CodeIgniter\CodeIgniter->handleRequest(null, Object(Config\Cache), false)
 5 SYSTEMPATH/Boot.php(363): CodeIgniter\CodeIgniter->run()
 6 SYSTEMPATH/Boot.php(68): CodeIgniter\Boot::runCodeIgniter(Object(CodeIgniter\CodeIgniter))
 7 FCPATH/index.php(59): CodeIgniter\Boot::bootWeb(Object(Config\Paths))
 8 SYSTEMPATH/rewrite.php(44): require_once('/Users/saziye/Documents/ornekProje/public/index.php')
WARNING - 2025-10-20 17:38:59 --> [DEPRECATED] Creation of dynamic property App\Services\LearningMaterials\LearningMaterialWizardService::$contents is deprecated in APPPATH/Services/LearningMaterials/LearningMaterialWizardService.php on line 60.
 1 APPPATH/Controllers/LearningMaterials/LearningMaterialWizardController.php(17): App\Services\LearningMaterials\LearningMaterialWizardService->__construct()
 2 SYSTEMPATH/CodeIgniter.php(903): App\Controllers\LearningMaterials\LearningMaterialWizardController->__construct()
 3 SYSTEMPATH/CodeIgniter.php(498): CodeIgniter\CodeIgniter->createController()
 4 SYSTEMPATH/CodeIgniter.php(354): CodeIgniter\CodeIgniter->handleRequest(null, Object(Config\Cache), false)
 5 SYSTEMPATH/Boot.php(363): CodeIgniter\CodeIgniter->run()
 6 SYSTEMPATH/Boot.php(68): CodeIgniter\Boot::runCodeIgniter(Object(CodeIgniter\CodeIgniter))
 7 FCPATH/index.php(59): CodeIgniter\Boot::bootWeb(Object(Config\Paths))
 8 SYSTEMPATH/rewrite.php(44): require_once('/Users/saziye/Documents/ornekProje/public/index.php')
WARNING - 2025-10-20 17:38:59 --> [DEPRECATED] Creation of dynamic property App\Services\LearningMaterials\LearningMaterialWizardService::$authors is deprecated in APPPATH/Services/LearningMaterials/LearningMaterialWizardService.php on line 62.
 1 APPPATH/Controllers/LearningMaterials/LearningMaterialWizardController.php(17): App\Services\LearningMaterials\LearningMaterialWizardService->__construct()
 2 SYSTEMPATH/CodeIgniter.php(903): App\Controllers\LearningMaterials\LearningMaterialWizardController->__construct()
 3 SYSTEMPATH/CodeIgniter.php(498): CodeIgniter\CodeIgniter->createController()
 4 SYSTEMPATH/CodeIgniter.php(354): CodeIgniter\CodeIgniter->handleRequest(null, Object(Config\Cache), false)
 5 SYSTEMPATH/Boot.php(363): CodeIgniter\CodeIgniter->run()
 6 SYSTEMPATH/Boot.php(68): CodeIgniter\Boot::runCodeIgniter(Object(CodeIgniter\CodeIgniter))
 7 FCPATH/index.php(59): CodeIgniter\Boot::bootWeb(Object(Config\Paths))
 8 SYSTEMPATH/rewrite.php(44): require_once('/Users/saziye/Documents/ornekProje/public/index.php')
DEBUG - 2025-10-20 17:38:59 --> Session: Class initialized using 'CodeIgniter\Session\Handlers\FileHandler' driver.
WARNING - 2025-10-20 17:38:59 --> [DEPRECATED] Creation of dynamic property App\Services\LearningMaterials\LearningMaterialWizardService::$pubTypes is deprecated in APPPATH/Services/LearningMaterials/LearningMaterialWizardService.php on line 53.
 1 APPPATH/Controllers/LearningMaterials/LearningMaterialWizardController.php(17): App\Services\LearningMaterials\LearningMaterialWizardService->__construct()
 2 SYSTEMPATH/CodeIgniter.php(903): App\Controllers\LearningMaterials\LearningMaterialWizardController->__construct()
 3 SYSTEMPATH/CodeIgniter.php(498): CodeIgniter\CodeIgniter->createController()
 4 SYSTEMPATH/CodeIgniter.php(354): CodeIgniter\CodeIgniter->handleRequest(null, Object(Config\Cache), false)
 5 SYSTEMPATH/Boot.php(363): CodeIgniter\CodeIgniter->run()
 6 SYSTEMPATH/Boot.php(68): CodeIgniter\Boot::runCodeIgniter(Object(CodeIgniter\CodeIgniter))
 7 FCPATH/index.php(59): CodeIgniter\Boot::bootWeb(Object(Config\Paths))
 8 SYSTEMPATH/rewrite.php(44): require_once('/Users/saziye/Documents/ornekProje/public/index.php')
WARNING - 2025-10-20 17:38:59 --> [DEPRECATED] Creation of dynamic property App\Services\LearningMaterials\LearningMaterialWizardService::$contents is deprecated in APPPATH/Services/LearningMaterials/LearningMaterialWizardService.php on line 60.
 1 APPPATH/Controllers/LearningMaterials/LearningMaterialWizardController.php(17): App\Services\LearningMaterials\LearningMaterialWizardService->__construct()
 2 SYSTEMPATH/CodeIgniter.php(903): App\Controllers\LearningMaterials\LearningMaterialWizardController->__construct()
 3 SYSTEMPATH/CodeIgniter.php(498): CodeIgniter\CodeIgniter->createController()
 4 SYSTEMPATH/CodeIgniter.php(354): CodeIgniter\CodeIgniter->handleRequest(null, Object(Config\Cache), false)
 5 SYSTEMPATH/Boot.php(363): CodeIgniter\CodeIgniter->run()
 6 SYSTEMPATH/Boot.php(68): CodeIgniter\Boot::runCodeIgniter(Object(CodeIgniter\CodeIgniter))
 7 FCPATH/index.php(59): CodeIgniter\Boot::bootWeb(Object(Config\Paths))
 8 SYSTEMPATH/rewrite.php(44): require_once('/Users/saziye/Documents/ornekProje/public/index.php')
WARNING - 2025-10-20 17:38:59 --> [DEPRECATED] Creation of dynamic property App\Services\LearningMaterials\LearningMaterialWizardService::$authors is deprecated in APPPATH/Services/LearningMaterials/LearningMaterialWizardService.php on line 62.
 1 APPPATH/Controllers/LearningMaterials/LearningMaterialWizardController.php(17): App\Services\LearningMaterials\LearningMaterialWizardService->__construct()
 2 SYSTEMPATH/CodeIgniter.php(903): App\Controllers\LearningMaterials\LearningMaterialWizardController->__construct()
 3 SYSTEMPATH/CodeIgniter.php(498): CodeIgniter\CodeIgniter->createController()
 4 SYSTEMPATH/CodeIgniter.php(354): CodeIgniter\CodeIgniter->handleRequest(null, Object(Config\Cache), false)
 5 SYSTEMPATH/Boot.php(363): CodeIgniter\CodeIgniter->run()
 6 SYSTEMPATH/Boot.php(68): CodeIgniter\Boot::runCodeIgniter(Object(CodeIgniter\CodeIgniter))
 7 FCPATH/index.php(59): CodeIgniter\Boot::bootWeb(Object(Config\Paths))
 8 SYSTEMPATH/rewrite.php(44): require_once('/Users/saziye/Documents/ornekProje/public/index.php')
DEBUG - 2025-10-20 17:38:59 --> Session: Class initialized using 'CodeIgniter\Session\Handlers\FileHandler' driver.
WARNING - 2025-10-20 17:38:59 --> [DEPRECATED] Creation of dynamic property App\Services\LearningMaterials\LearningMaterialWizardService::$pubTypes is deprecated in APPPATH/Services/LearningMaterials/LearningMaterialWizardService.php on line 53.
 1 APPPATH/Controllers/LearningMaterials/LearningMaterialWizardController.php(17): App\Services\LearningMaterials\LearningMaterialWizardService->__construct()
 2 SYSTEMPATH/CodeIgniter.php(903): App\Controllers\LearningMaterials\LearningMaterialWizardController->__construct()
 3 SYSTEMPATH/CodeIgniter.php(498): CodeIgniter\CodeIgniter->createController()
 4 SYSTEMPATH/CodeIgniter.php(354): CodeIgniter\CodeIgniter->handleRequest(null, Object(Config\Cache), false)
 5 SYSTEMPATH/Boot.php(363): CodeIgniter\CodeIgniter->run()
 6 SYSTEMPATH/Boot.php(68): CodeIgniter\Boot::runCodeIgniter(Object(CodeIgniter\CodeIgniter))
 7 FCPATH/index.php(59): CodeIgniter\Boot::bootWeb(Object(Config\Paths))
 8 SYSTEMPATH/rewrite.php(44): require_once('/Users/saziye/Documents/ornekProje/public/index.php')
WARNING - 2025-10-20 17:38:59 --> [DEPRECATED] Creation of dynamic property App\Services\LearningMaterials\LearningMaterialWizardService::$contents is deprecated in APPPATH/Services/LearningMaterials/LearningMaterialWizardService.php on line 60.
 1 APPPATH/Controllers/LearningMaterials/LearningMaterialWizardController.php(17): App\Services\LearningMaterials\LearningMaterialWizardService->__construct()
 2 SYSTEMPATH/CodeIgniter.php(903): App\Controllers\LearningMaterials\LearningMaterialWizardController->__construct()
 3 SYSTEMPATH/CodeIgniter.php(498): CodeIgniter\CodeIgniter->createController()
 4 SYSTEMPATH/CodeIgniter.php(354): CodeIgniter\CodeIgniter->handleRequest(null, Object(Config\Cache), false)
 5 SYSTEMPATH/Boot.php(363): CodeIgniter\CodeIgniter->run()
 6 SYSTEMPATH/Boot.php(68): CodeIgniter\Boot::runCodeIgniter(Object(CodeIgniter\CodeIgniter))
 7 FCPATH/index.php(59): CodeIgniter\Boot::bootWeb(Object(Config\Paths))
 8 SYSTEMPATH/rewrite.php(44): require_once('/Users/saziye/Documents/ornekProje/public/index.php')
WARNING - 2025-10-20 17:38:59 --> [DEPRECATED] Creation of dynamic property App\Services\LearningMaterials\LearningMaterialWizardService::$authors is deprecated in APPPATH/Services/LearningMaterials/LearningMaterialWizardService.php on line 62.
 1 APPPATH/Controllers/LearningMaterials/LearningMaterialWizardController.php(17): App\Services\LearningMaterials\LearningMaterialWizardService->__construct()
 2 SYSTEMPATH/CodeIgniter.php(903): App\Controllers\LearningMaterials\LearningMaterialWizardController->__construct()
 3 SYSTEMPATH/CodeIgniter.php(498): CodeIgniter\CodeIgniter->createController()
 4 SYSTEMPATH/CodeIgniter.php(354): CodeIgniter\CodeIgniter->handleRequest(null, Object(Config\Cache), false)
 5 SYSTEMPATH/Boot.php(363): CodeIgniter\CodeIgniter->run()
 6 SYSTEMPATH/Boot.php(68): CodeIgniter\Boot::runCodeIgniter(Object(CodeIgniter\CodeIgniter))
 7 FCPATH/index.php(59): CodeIgniter\Boot::bootWeb(Object(Config\Paths))
 8 SYSTEMPATH/rewrite.php(44): require_once('/Users/saziye/Documents/ornekProje/public/index.php')
DEBUG - 2025-10-20 17:44:21 --> Session: Class initialized using 'CodeIgniter\Session\Handlers\FileHandler' driver.
DEBUG - 2025-10-20 17:44:23 --> Session: Class initialized using 'CodeIgniter\Session\Handlers\FileHandler' driver.
DEBUG - 2025-10-20 17:44:25 --> Session: Class initialized using 'CodeIgniter\Session\Handlers\FileHandler' driver.
DEBUG - 2025-10-20 17:44:26 --> Session: Class initialized using 'CodeIgniter\Session\Handlers\FileHandler' driver.
DEBUG - 2025-10-20 17:44:40 --> Session: Class initialized using 'CodeIgniter\Session\Handlers\FileHandler' driver.
DEBUG - 2025-10-20 17:44:43 --> Session: Class initialized using 'CodeIgniter\Session\Handlers\FileHandler' driver.
WARNING - 2025-10-20 17:44:45 --> [DEPRECATED] Creation of dynamic property App\Services\LearningMaterials\LearningMaterialWizardService::$pubTypes is deprecated in APPPATH/Services/LearningMaterials/LearningMaterialWizardService.php on line 53.
 1 APPPATH/Controllers/LearningMaterials/LearningMaterialWizardController.php(17): App\Services\LearningMaterials\LearningMaterialWizardService->__construct()
 2 SYSTEMPATH/CodeIgniter.php(903): App\Controllers\LearningMaterials\LearningMaterialWizardController->__construct()
 3 SYSTEMPATH/CodeIgniter.php(498): CodeIgniter\CodeIgniter->createController()
 4 SYSTEMPATH/CodeIgniter.php(354): CodeIgniter\CodeIgniter->handleRequest(null, Object(Config\Cache), false)
 5 SYSTEMPATH/Boot.php(363): CodeIgniter\CodeIgniter->run()
 6 SYSTEMPATH/Boot.php(68): CodeIgniter\Boot::runCodeIgniter(Object(CodeIgniter\CodeIgniter))
 7 FCPATH/index.php(59): CodeIgniter\Boot::bootWeb(Object(Config\Paths))
 8 SYSTEMPATH/rewrite.php(44): require_once('/Users/saziye/Documents/ornekProje/public/index.php')
WARNING - 2025-10-20 17:44:45 --> [DEPRECATED] Creation of dynamic property App\Services\LearningMaterials\LearningMaterialWizardService::$contents is deprecated in APPPATH/Services/LearningMaterials/LearningMaterialWizardService.php on line 60.
 1 APPPATH/Controllers/LearningMaterials/LearningMaterialWizardController.php(17): App\Services\LearningMaterials\LearningMaterialWizardService->__construct()
 2 SYSTEMPATH/CodeIgniter.php(903): App\Controllers\LearningMaterials\LearningMaterialWizardController->__construct()
 3 SYSTEMPATH/CodeIgniter.php(498): CodeIgniter\CodeIgniter->createController()
 4 SYSTEMPATH/CodeIgniter.php(354): CodeIgniter\CodeIgniter->handleRequest(null, Object(Config\Cache), false)
 5 SYSTEMPATH/Boot.php(363): CodeIgniter\CodeIgniter->run()
 6 SYSTEMPATH/Boot.php(68): CodeIgniter\Boot::runCodeIgniter(Object(CodeIgniter\CodeIgniter))
 7 FCPATH/index.php(59): CodeIgniter\Boot::bootWeb(Object(Config\Paths))
 8 SYSTEMPATH/rewrite.php(44): require_once('/Users/saziye/Documents/ornekProje/public/index.php')
WARNING - 2025-10-20 17:44:45 --> [DEPRECATED] Creation of dynamic property App\Services\LearningMaterials\LearningMaterialWizardService::$authors is deprecated in APPPATH/Services/LearningMaterials/LearningMaterialWizardService.php on line 62.
 1 APPPATH/Controllers/LearningMaterials/LearningMaterialWizardController.php(17): App\Services\LearningMaterials\LearningMaterialWizardService->__construct()
 2 SYSTEMPATH/CodeIgniter.php(903): App\Controllers\LearningMaterials\LearningMaterialWizardController->__construct()
 3 SYSTEMPATH/CodeIgniter.php(498): CodeIgniter\CodeIgniter->createController()
 4 SYSTEMPATH/CodeIgniter.php(354): CodeIgniter\CodeIgniter->handleRequest(null, Object(Config\Cache), false)
 5 SYSTEMPATH/Boot.php(363): CodeIgniter\CodeIgniter->run()
 6 SYSTEMPATH/Boot.php(68): CodeIgniter\Boot::runCodeIgniter(Object(CodeIgniter\CodeIgniter))
 7 FCPATH/index.php(59): CodeIgniter\Boot::bootWeb(Object(Config\Paths))
 8 SYSTEMPATH/rewrite.php(44): require_once('/Users/saziye/Documents/ornekProje/public/index.php')
DEBUG - 2025-10-20 17:44:45 --> Session: Class initialized using 'CodeIgniter\Session\Handlers\FileHandler' driver.
DEBUG - 2025-10-20 17:44:45 --> Session: Class initialized using 'CodeIgniter\Session\Handlers\FileHandler' driver.
WARNING - 2025-10-20 17:44:45 --> [DEPRECATED] Creation of dynamic property App\Services\LearningMaterials\LearningMaterialWizardService::$pubTypes is deprecated in APPPATH/Services/LearningMaterials/LearningMaterialWizardService.php on line 53.
 1 APPPATH/Controllers/LearningMaterials/LearningMaterialWizardController.php(17): App\Services\LearningMaterials\LearningMaterialWizardService->__construct()
 2 SYSTEMPATH/CodeIgniter.php(903): App\Controllers\LearningMaterials\LearningMaterialWizardController->__construct()
 3 SYSTEMPATH/CodeIgniter.php(498): CodeIgniter\CodeIgniter->createController()
 4 SYSTEMPATH/CodeIgniter.php(354): CodeIgniter\CodeIgniter->handleRequest(null, Object(Config\Cache), false)
 5 SYSTEMPATH/Boot.php(363): CodeIgniter\CodeIgniter->run()
 6 SYSTEMPATH/Boot.php(68): CodeIgniter\Boot::runCodeIgniter(Object(CodeIgniter\CodeIgniter))
 7 FCPATH/index.php(59): CodeIgniter\Boot::bootWeb(Object(Config\Paths))
 8 SYSTEMPATH/rewrite.php(44): require_once('/Users/saziye/Documents/ornekProje/public/index.php')
WARNING - 2025-10-20 17:44:45 --> [DEPRECATED] Creation of dynamic property App\Services\LearningMaterials\LearningMaterialWizardService::$contents is deprecated in APPPATH/Services/LearningMaterials/LearningMaterialWizardService.php on line 60.
 1 APPPATH/Controllers/LearningMaterials/LearningMaterialWizardController.php(17): App\Services\LearningMaterials\LearningMaterialWizardService->__construct()
 2 SYSTEMPATH/CodeIgniter.php(903): App\Controllers\LearningMaterials\LearningMaterialWizardController->__construct()
 3 SYSTEMPATH/CodeIgniter.php(498): CodeIgniter\CodeIgniter->createController()
 4 SYSTEMPATH/CodeIgniter.php(354): CodeIgniter\CodeIgniter->handleRequest(null, Object(Config\Cache), false)
 5 SYSTEMPATH/Boot.php(363): CodeIgniter\CodeIgniter->run()
 6 SYSTEMPATH/Boot.php(68): CodeIgniter\Boot::runCodeIgniter(Object(CodeIgniter\CodeIgniter))
 7 FCPATH/index.php(59): CodeIgniter\Boot::bootWeb(Object(Config\Paths))
 8 SYSTEMPATH/rewrite.php(44): require_once('/Users/saziye/Documents/ornekProje/public/index.php')
WARNING - 2025-10-20 17:44:45 --> [DEPRECATED] Creation of dynamic property App\Services\LearningMaterials\LearningMaterialWizardService::$authors is deprecated in APPPATH/Services/LearningMaterials/LearningMaterialWizardService.php on line 62.
 1 APPPATH/Controllers/LearningMaterials/LearningMaterialWizardController.php(17): App\Services\LearningMaterials\LearningMaterialWizardService->__construct()
 2 SYSTEMPATH/CodeIgniter.php(903): App\Controllers\LearningMaterials\LearningMaterialWizardController->__construct()
 3 SYSTEMPATH/CodeIgniter.php(498): CodeIgniter\CodeIgniter->createController()
 4 SYSTEMPATH/CodeIgniter.php(354): CodeIgniter\CodeIgniter->handleRequest(null, Object(Config\Cache), false)
 5 SYSTEMPATH/Boot.php(363): CodeIgniter\CodeIgniter->run()
 6 SYSTEMPATH/Boot.php(68): CodeIgniter\Boot::runCodeIgniter(Object(CodeIgniter\CodeIgniter))
 7 FCPATH/index.php(59): CodeIgniter\Boot::bootWeb(Object(Config\Paths))
 8 SYSTEMPATH/rewrite.php(44): require_once('/Users/saziye/Documents/ornekProje/public/index.php')
DEBUG - 2025-10-20 17:44:45 --> Session: Class initialized using 'CodeIgniter\Session\Handlers\FileHandler' driver.
DEBUG - 2025-10-20 17:44:45 --> Session: Class initialized using 'CodeIgniter\Session\Handlers\FileHandler' driver.
WARNING - 2025-10-20 17:44:45 --> [DEPRECATED] Creation of dynamic property App\Services\LearningMaterials\LearningMaterialWizardService::$pubTypes is deprecated in APPPATH/Services/LearningMaterials/LearningMaterialWizardService.php on line 53.
 1 APPPATH/Controllers/LearningMaterials/LearningMaterialWizardController.php(17): App\Services\LearningMaterials\LearningMaterialWizardService->__construct()
 2 SYSTEMPATH/CodeIgniter.php(903): App\Controllers\LearningMaterials\LearningMaterialWizardController->__construct()
 3 SYSTEMPATH/CodeIgniter.php(498): CodeIgniter\CodeIgniter->createController()
 4 SYSTEMPATH/CodeIgniter.php(354): CodeIgniter\CodeIgniter->handleRequest(null, Object(Config\Cache), false)
 5 SYSTEMPATH/Boot.php(363): CodeIgniter\CodeIgniter->run()
 6 SYSTEMPATH/Boot.php(68): CodeIgniter\Boot::runCodeIgniter(Object(CodeIgniter\CodeIgniter))
 7 FCPATH/index.php(59): CodeIgniter\Boot::bootWeb(Object(Config\Paths))
 8 SYSTEMPATH/rewrite.php(44): require_once('/Users/saziye/Documents/ornekProje/public/index.php')
WARNING - 2025-10-20 17:44:45 --> [DEPRECATED] Creation of dynamic property App\Services\LearningMaterials\LearningMaterialWizardService::$contents is deprecated in APPPATH/Services/LearningMaterials/LearningMaterialWizardService.php on line 60.
 1 APPPATH/Controllers/LearningMaterials/LearningMaterialWizardController.php(17): App\Services\LearningMaterials\LearningMaterialWizardService->__construct()
 2 SYSTEMPATH/CodeIgniter.php(903): App\Controllers\LearningMaterials\LearningMaterialWizardController->__construct()
 3 SYSTEMPATH/CodeIgniter.php(498): CodeIgniter\CodeIgniter->createController()
 4 SYSTEMPATH/CodeIgniter.php(354): CodeIgniter\CodeIgniter->handleRequest(null, Object(Config\Cache), false)
 5 SYSTEMPATH/Boot.php(363): CodeIgniter\CodeIgniter->run()
 6 SYSTEMPATH/Boot.php(68): CodeIgniter\Boot::runCodeIgniter(Object(CodeIgniter\CodeIgniter))
 7 FCPATH/index.php(59): CodeIgniter\Boot::bootWeb(Object(Config\Paths))
 8 SYSTEMPATH/rewrite.php(44): require_once('/Users/saziye/Documents/ornekProje/public/index.php')
WARNING - 2025-10-20 17:44:45 --> [DEPRECATED] Creation of dynamic property App\Services\LearningMaterials\LearningMaterialWizardService::$authors is deprecated in APPPATH/Services/LearningMaterials/LearningMaterialWizardService.php on line 62.
 1 APPPATH/Controllers/LearningMaterials/LearningMaterialWizardController.php(17): App\Services\LearningMaterials\LearningMaterialWizardService->__construct()
 2 SYSTEMPATH/CodeIgniter.php(903): App\Controllers\LearningMaterials\LearningMaterialWizardController->__construct()
 3 SYSTEMPATH/CodeIgniter.php(498): CodeIgniter\CodeIgniter->createController()
 4 SYSTEMPATH/CodeIgniter.php(354): CodeIgniter\CodeIgniter->handleRequest(null, Object(Config\Cache), false)
 5 SYSTEMPATH/Boot.php(363): CodeIgniter\CodeIgniter->run()
 6 SYSTEMPATH/Boot.php(68): CodeIgniter\Boot::runCodeIgniter(Object(CodeIgniter\CodeIgniter))
 7 FCPATH/index.php(59): CodeIgniter\Boot::bootWeb(Object(Config\Paths))
 8 SYSTEMPATH/rewrite.php(44): require_once('/Users/saziye/Documents/ornekProje/public/index.php')
DEBUG - 2025-10-20 17:44:45 --> Session: Class initialized using 'CodeIgniter\Session\Handlers\FileHandler' driver.
WARNING - 2025-10-20 17:44:45 --> [DEPRECATED] Creation of dynamic property App\Services\LearningMaterials\LearningMaterialWizardService::$pubTypes is deprecated in APPPATH/Services/LearningMaterials/LearningMaterialWizardService.php on line 53.
 1 APPPATH/Controllers/LearningMaterials/LearningMaterialWizardController.php(17): App\Services\LearningMaterials\LearningMaterialWizardService->__construct()
 2 SYSTEMPATH/CodeIgniter.php(903): App\Controllers\LearningMaterials\LearningMaterialWizardController->__construct()
 3 SYSTEMPATH/CodeIgniter.php(498): CodeIgniter\CodeIgniter->createController()
 4 SYSTEMPATH/CodeIgniter.php(354): CodeIgniter\CodeIgniter->handleRequest(null, Object(Config\Cache), false)
 5 SYSTEMPATH/Boot.php(363): CodeIgniter\CodeIgniter->run()
 6 SYSTEMPATH/Boot.php(68): CodeIgniter\Boot::runCodeIgniter(Object(CodeIgniter\CodeIgniter))
 7 FCPATH/index.php(59): CodeIgniter\Boot::bootWeb(Object(Config\Paths))
 8 SYSTEMPATH/rewrite.php(44): require_once('/Users/saziye/Documents/ornekProje/public/index.php')
WARNING - 2025-10-20 17:44:45 --> [DEPRECATED] Creation of dynamic property App\Services\LearningMaterials\LearningMaterialWizardService::$contents is deprecated in APPPATH/Services/LearningMaterials/LearningMaterialWizardService.php on line 60.
 1 APPPATH/Controllers/LearningMaterials/LearningMaterialWizardController.php(17): App\Services\LearningMaterials\LearningMaterialWizardService->__construct()
 2 SYSTEMPATH/CodeIgniter.php(903): App\Controllers\LearningMaterials\LearningMaterialWizardController->__construct()
 3 SYSTEMPATH/CodeIgniter.php(498): CodeIgniter\CodeIgniter->createController()
 4 SYSTEMPATH/CodeIgniter.php(354): CodeIgniter\CodeIgniter->handleRequest(null, Object(Config\Cache), false)
 5 SYSTEMPATH/Boot.php(363): CodeIgniter\CodeIgniter->run()
 6 SYSTEMPATH/Boot.php(68): CodeIgniter\Boot::runCodeIgniter(Object(CodeIgniter\CodeIgniter))
 7 FCPATH/index.php(59): CodeIgniter\Boot::bootWeb(Object(Config\Paths))
 8 SYSTEMPATH/rewrite.php(44): require_once('/Users/saziye/Documents/ornekProje/public/index.php')
WARNING - 2025-10-20 17:44:45 --> [DEPRECATED] Creation of dynamic property App\Services\LearningMaterials\LearningMaterialWizardService::$authors is deprecated in APPPATH/Services/LearningMaterials/LearningMaterialWizardService.php on line 62.
 1 APPPATH/Controllers/LearningMaterials/LearningMaterialWizardController.php(17): App\Services\LearningMaterials\LearningMaterialWizardService->__construct()
 2 SYSTEMPATH/CodeIgniter.php(903): App\Controllers\LearningMaterials\LearningMaterialWizardController->__construct()
 3 SYSTEMPATH/CodeIgniter.php(498): CodeIgniter\CodeIgniter->createController()
 4 SYSTEMPATH/CodeIgniter.php(354): CodeIgniter\CodeIgniter->handleRequest(null, Object(Config\Cache), false)
 5 SYSTEMPATH/Boot.php(363): CodeIgniter\CodeIgniter->run()
 6 SYSTEMPATH/Boot.php(68): CodeIgniter\Boot::runCodeIgniter(Object(CodeIgniter\CodeIgniter))
 7 FCPATH/index.php(59): CodeIgniter\Boot::bootWeb(Object(Config\Paths))
 8 SYSTEMPATH/rewrite.php(44): require_once('/Users/saziye/Documents/ornekProje/public/index.php')
DEBUG - 2025-10-20 17:44:45 --> Session: Class initialized using 'CodeIgniter\Session\Handlers\FileHandler' driver.
WARNING - 2025-10-20 17:44:45 --> [DEPRECATED] Creation of dynamic property App\Services\LearningMaterials\LearningMaterialWizardService::$pubTypes is deprecated in APPPATH/Services/LearningMaterials/LearningMaterialWizardService.php on line 53.
 1 APPPATH/Controllers/LearningMaterials/LearningMaterialWizardController.php(17): App\Services\LearningMaterials\LearningMaterialWizardService->__construct()
 2 SYSTEMPATH/CodeIgniter.php(903): App\Controllers\LearningMaterials\LearningMaterialWizardController->__construct()
 3 SYSTEMPATH/CodeIgniter.php(498): CodeIgniter\CodeIgniter->createController()
 4 SYSTEMPATH/CodeIgniter.php(354): CodeIgniter\CodeIgniter->handleRequest(null, Object(Config\Cache), false)
 5 SYSTEMPATH/Boot.php(363): CodeIgniter\CodeIgniter->run()
 6 SYSTEMPATH/Boot.php(68): CodeIgniter\Boot::runCodeIgniter(Object(CodeIgniter\CodeIgniter))
 7 FCPATH/index.php(59): CodeIgniter\Boot::bootWeb(Object(Config\Paths))
 8 SYSTEMPATH/rewrite.php(44): require_once('/Users/saziye/Documents/ornekProje/public/index.php')
WARNING - 2025-10-20 17:44:45 --> [DEPRECATED] Creation of dynamic property App\Services\LearningMaterials\LearningMaterialWizardService::$contents is deprecated in APPPATH/Services/LearningMaterials/LearningMaterialWizardService.php on line 60.
 1 APPPATH/Controllers/LearningMaterials/LearningMaterialWizardController.php(17): App\Services\LearningMaterials\LearningMaterialWizardService->__construct()
 2 SYSTEMPATH/CodeIgniter.php(903): App\Controllers\LearningMaterials\LearningMaterialWizardController->__construct()
 3 SYSTEMPATH/CodeIgniter.php(498): CodeIgniter\CodeIgniter->createController()
 4 SYSTEMPATH/CodeIgniter.php(354): CodeIgniter\CodeIgniter->handleRequest(null, Object(Config\Cache), false)
 5 SYSTEMPATH/Boot.php(363): CodeIgniter\CodeIgniter->run()
 6 SYSTEMPATH/Boot.php(68): CodeIgniter\Boot::runCodeIgniter(Object(CodeIgniter\CodeIgniter))
 7 FCPATH/index.php(59): CodeIgniter\Boot::bootWeb(Object(Config\Paths))
 8 SYSTEMPATH/rewrite.php(44): require_once('/Users/saziye/Documents/ornekProje/public/index.php')
WARNING - 2025-10-20 17:44:45 --> [DEPRECATED] Creation of dynamic property App\Services\LearningMaterials\LearningMaterialWizardService::$authors is deprecated in APPPATH/Services/LearningMaterials/LearningMaterialWizardService.php on line 62.
 1 APPPATH/Controllers/LearningMaterials/LearningMaterialWizardController.php(17): App\Services\LearningMaterials\LearningMaterialWizardService->__construct()
 2 SYSTEMPATH/CodeIgniter.php(903): App\Controllers\LearningMaterials\LearningMaterialWizardController->__construct()
 3 SYSTEMPATH/CodeIgniter.php(498): CodeIgniter\CodeIgniter->createController()
 4 SYSTEMPATH/CodeIgniter.php(354): CodeIgniter\CodeIgniter->handleRequest(null, Object(Config\Cache), false)
 5 SYSTEMPATH/Boot.php(363): CodeIgniter\CodeIgniter->run()
 6 SYSTEMPATH/Boot.php(68): CodeIgniter\Boot::runCodeIgniter(Object(CodeIgniter\CodeIgniter))
 7 FCPATH/index.php(59): CodeIgniter\Boot::bootWeb(Object(Config\Paths))
 8 SYSTEMPATH/rewrite.php(44): require_once('/Users/saziye/Documents/ornekProje/public/index.php')
DEBUG - 2025-10-20 17:44:45 --> Session: Class initialized using 'CodeIgniter\Session\Handlers\FileHandler' driver.
WARNING - 2025-10-20 17:44:45 --> [DEPRECATED] Creation of dynamic property App\Services\LearningMaterials\LearningMaterialWizardService::$pubTypes is deprecated in APPPATH/Services/LearningMaterials/LearningMaterialWizardService.php on line 53.
 1 APPPATH/Controllers/LearningMaterials/LearningMaterialWizardController.php(17): App\Services\LearningMaterials\LearningMaterialWizardService->__construct()
 2 SYSTEMPATH/CodeIgniter.php(903): App\Controllers\LearningMaterials\LearningMaterialWizardController->__construct()
 3 SYSTEMPATH/CodeIgniter.php(498): CodeIgniter\CodeIgniter->createController()
 4 SYSTEMPATH/CodeIgniter.php(354): CodeIgniter\CodeIgniter->handleRequest(null, Object(Config\Cache), false)
 5 SYSTEMPATH/Boot.php(363): CodeIgniter\CodeIgniter->run()
 6 SYSTEMPATH/Boot.php(68): CodeIgniter\Boot::runCodeIgniter(Object(CodeIgniter\CodeIgniter))
 7 FCPATH/index.php(59): CodeIgniter\Boot::bootWeb(Object(Config\Paths))
 8 SYSTEMPATH/rewrite.php(44): require_once('/Users/saziye/Documents/ornekProje/public/index.php')
WARNING - 2025-10-20 17:44:45 --> [DEPRECATED] Creation of dynamic property App\Services\LearningMaterials\LearningMaterialWizardService::$contents is deprecated in APPPATH/Services/LearningMaterials/LearningMaterialWizardService.php on line 60.
 1 APPPATH/Controllers/LearningMaterials/LearningMaterialWizardController.php(17): App\Services\LearningMaterials\LearningMaterialWizardService->__construct()
 2 SYSTEMPATH/CodeIgniter.php(903): App\Controllers\LearningMaterials\LearningMaterialWizardController->__construct()
 3 SYSTEMPATH/CodeIgniter.php(498): CodeIgniter\CodeIgniter->createController()
 4 SYSTEMPATH/CodeIgniter.php(354): CodeIgniter\CodeIgniter->handleRequest(null, Object(Config\Cache), false)
 5 SYSTEMPATH/Boot.php(363): CodeIgniter\CodeIgniter->run()
 6 SYSTEMPATH/Boot.php(68): CodeIgniter\Boot::runCodeIgniter(Object(CodeIgniter\CodeIgniter))
 7 FCPATH/index.php(59): CodeIgniter\Boot::bootWeb(Object(Config\Paths))
 8 SYSTEMPATH/rewrite.php(44): require_once('/Users/saziye/Documents/ornekProje/public/index.php')
WARNING - 2025-10-20 17:44:45 --> [DEPRECATED] Creation of dynamic property App\Services\LearningMaterials\LearningMaterialWizardService::$authors is deprecated in APPPATH/Services/LearningMaterials/LearningMaterialWizardService.php on line 62.
 1 APPPATH/Controllers/LearningMaterials/LearningMaterialWizardController.php(17): App\Services\LearningMaterials\LearningMaterialWizardService->__construct()
 2 SYSTEMPATH/CodeIgniter.php(903): App\Controllers\LearningMaterials\LearningMaterialWizardController->__construct()
 3 SYSTEMPATH/CodeIgniter.php(498): CodeIgniter\CodeIgniter->createController()
 4 SYSTEMPATH/CodeIgniter.php(354): CodeIgniter\CodeIgniter->handleRequest(null, Object(Config\Cache), false)
 5 SYSTEMPATH/Boot.php(363): CodeIgniter\CodeIgniter->run()
 6 SYSTEMPATH/Boot.php(68): CodeIgniter\Boot::runCodeIgniter(Object(CodeIgniter\CodeIgniter))
 7 FCPATH/index.php(59): CodeIgniter\Boot::bootWeb(Object(Config\Paths))
 8 SYSTEMPATH/rewrite.php(44): require_once('/Users/saziye/Documents/ornekProje/public/index.php')
DEBUG - 2025-10-20 17:53:38 --> Session: Class initialized using 'CodeIgniter\Session\Handlers\FileHandler' driver.
